<?xml version="1.0" encoding="UTF-8"?>
<testng-results ignored="0" total="9" passed="9" failed="0" skipped="0">
  <reporter-output>
  </reporter-output>
  <suite started-at="2023-08-07T11:40:53 IST" name="Suite" finished-at="2023-08-07T11:40:54 IST" duration-ms="727">
    <groups>
    </groups>
    <test started-at="2023-08-07T11:40:53 IST" name="Test1" finished-at="2023-08-07T11:40:53 IST" duration-ms="150">
      <class name="ParallelTest.TestClass2">
        <test-method signature="testMethod5()[pri:0, instance:ParallelTest.TestClass2@46cdf8bd]" started-at="2023-08-07T11:40:53 IST" name="testMethod5" finished-at="2023-08-07T11:40:53 IST" duration-ms="13" status="PASS">
          <reporter-output>
          </reporter-output>
        </test-method> <!-- testMethod5 -->
        <test-method signature="testMethod6()[pri:0, instance:ParallelTest.TestClass2@46cdf8bd]" started-at="2023-08-07T11:40:53 IST" name="testMethod6" finished-at="2023-08-07T11:40:53 IST" duration-ms="3" status="PASS">
          <reporter-output>
          </reporter-output>
        </test-method> <!-- testMethod6 -->
        <test-method signature="testMethod7()[pri:0, instance:ParallelTest.TestClass2@46cdf8bd]" started-at="2023-08-07T11:40:53 IST" name="testMethod7" finished-at="2023-08-07T11:40:53 IST" duration-ms="1" status="PASS">
          <reporter-output>
          </reporter-output>
        </test-method> <!-- testMethod7 -->
      </class> <!-- ParallelTest.TestClass2 -->
      <class name="ParallelTest.TestClass1">
        <test-method signature="testMethod2()[pri:0, instance:ParallelTest.TestClass1@6c1a5b54]" started-at="2023-08-07T11:40:53 IST" name="testMethod2" finished-at="2023-08-07T11:40:53 IST" duration-ms="26" status="PASS">
          <reporter-output>
          </reporter-output>
        </test-method> <!-- testMethod2 -->
        <test-method signature="testMethod1()[pri:0, instance:ParallelTest.TestClass1@6c1a5b54]" started-at="2023-08-07T11:40:53 IST" name="testMethod1" finished-at="2023-08-07T11:40:53 IST" duration-ms="22" status="PASS">
          <reporter-output>
          </reporter-output>
        </test-method> <!-- testMethod1 -->
        <test-method signature="testMethod4()[pri:0, instance:ParallelTest.TestClass1@6c1a5b54]" started-at="2023-08-07T11:40:53 IST" name="testMethod4" finished-at="2023-08-07T11:40:53 IST" duration-ms="17" status="PASS">
          <reporter-output>
          </reporter-output>
        </test-method> <!-- testMethod4 -->
        <test-method signature="testMethod3()[pri:0, instance:ParallelTest.TestClass1@6c1a5b54]" started-at="2023-08-07T11:40:53 IST" name="testMethod3" finished-at="2023-08-07T11:40:53 IST" duration-ms="2" status="PASS">
          <reporter-output>
          </reporter-output>
        </test-method> <!-- testMethod3 -->
      </class> <!-- ParallelTest.TestClass1 -->
    </test> <!-- Test1 -->
    <test started-at="2023-08-07T11:40:54 IST" name="Test3" finished-at="2023-08-07T11:40:54 IST" duration-ms="55">
      <class name="ParallelTest.TestClass3">
        <test-method signature="testMethod8()[pri:0, instance:ParallelTest.TestClass3@8458f04]" started-at="2023-08-07T11:40:54 IST" name="testMethod8" finished-at="2023-08-07T11:40:54 IST" duration-ms="17" status="PASS">
          <reporter-output>
          </reporter-output>
        </test-method> <!-- testMethod8 -->
        <test-method signature="testMethod9()[pri:0, instance:ParallelTest.TestClass3@8458f04]" started-at="2023-08-07T11:40:54 IST" name="testMethod9" finished-at="2023-08-07T11:40:54 IST" duration-ms="2" status="PASS">
          <reporter-output>
          </reporter-output>
        </test-method> <!-- testMethod9 -->
      </class> <!-- ParallelTest.TestClass3 -->
    </test> <!-- Test3 -->
  </suite> <!-- Suite -->
</testng-results>
