<?xml version="1.0" encoding="UTF-8"?>
<!-- Generated by org.testng.reporters.JUnitXMLReporter -->
<testsuite ignored="0" hostname="TirumalaDevi" failures="0" tests="6" name="Default test" time="11.535" errors="0" timestamp="2024-02-22T10:26:46 IST">
  <testcase classname="api.tests.DDTests" name="testPostUser" time="3.649"/>
  <testcase classname="api.tests.DDTests" name="testPostUser" time="1.138"/>
  <testcase classname="api.tests.DDTests" name="testPostUser" time="1.156"/>
  <testcase classname="api.tests.DDTests" name="deleteUserbyUserName" time="1.197"/>
  <testcase classname="api.tests.DDTests" name="deleteUserbyUserName" time="1.184"/>
  <testcase classname="api.tests.DDTests" name="deleteUserbyUserName" time="1.123"/>
</testsuite> <!-- Default test -->
