<?xml version="1.0" encoding="UTF-8"?>
<!-- Generated by org.testng.reporters.JUnitXMLReporter -->
<testsuite ignored="0" hostname="TirumalaDevi" failures="0" tests="3" name="PetStore Test" time="7.943" errors="0" timestamp="2024-02-23T14:29:10 IST">
  <testcase classname="api.tests.UserTests" name="postUser" time="3.674"/>
  <testcase classname="api.tests.UserTests" name="getUserbyName" time="1.249"/>
  <testcase classname="api.tests.UserTests" name="update" time="1.17"/>
</testsuite> <!-- PetStore Test -->
