<?xml version="1.0" encoding="UTF-8"?>
<!-- Generated by org.testng.reporters.JUnitXMLReporter -->
<testsuite ignored="0" hostname="DESKTOP-IG45S0Q" failures="0" tests="7" name="google title test" time="2.622" errors="0" timestamp="2022-03-22T12:38:28 IST">
  <testcase classname="com.test.GoogleTest" name="Test1" time="0.004"/>
  <testcase classname="com.test.GoogleTest" name="Test2" time="0.002"/>
  <testcase classname="com.test.GoogleTest" name="Test3" time="0.002"/>
  <testcase classname="com.test.GoogleTest" name="GoogleTitleTest" time="0.009"/>
  <testcase classname="com.test.GoogleTest" name="GoogleLogoTest" time="0.058"/>
  <testcase classname="com.test.GoogleTest" name="GoogleLinkTest" time="0.031"/>
  <testcase classname="com.test.GoogleTitleTest" name="GoogleTitleTest" time="0.011"/>
</testsuite> <!-- google title test -->
