<?xml version="1.0" encoding="UTF-8"?>
<testsuite xmlns:xsi="http://www.w3.org/2001/XMLSchema-instance" xsi:noNamespaceSchemaLocation="https://maven.apache.org/surefire/maven-surefire-plugin/xsd/surefire-test-report-3.0.xsd" version="3.0" name="TestSuite" time="17.891" tests="9" errors="0" skipped="0" failures="0">
  <properties>
[...]
</properties>
  <testcase name="testPostUser[1010, user1, fn1, ln1, fnlm1@gmail, test@1, 987685](1)" classname="api.tests.DDTests" time="4.082">
    <system-err><![CDATA[SLF4J: Failed to load class "org.slf4j.impl.StaticLoggerBinder".
SLF4J: Defaulting to no-operation (NOP) logger implementation
SLF4J: See http://www.slf4j.org/codes.html#StaticLoggerBinder for further details.
]]></system-err>
  </testcase>
  <testcase name="testPostUser[1020, user2, fn2, ln2, fnlm2@gmail, test@1, 123456](2)" classname="api.tests.DDTests" time="1.17"/>
  <testcase name="testPostUser[1030, user3, fn3, ln3, fnlm3@gmail, test@1, 6547843](3)" classname="api.tests.DDTests" time="1.15"/>
  <testcase name="deleteUserbyUserName[user1](1)" classname="api.tests.DDTests" time="1.228"/>
  <testcase name="deleteUserbyUserName[user2](2)" classname="api.tests.DDTests" time="1.133"/>
  <testcase name="deleteUserbyUserName[user3](3)" classname="api.tests.DDTests" time="1.169"/>
  <testcase name="postUser" classname="api.tests.UserTests" time="1.236">
    <system-out><![CDATA[HTTP/1.1 200 OK
Date: Mon, 26 Feb 2024 11:25:40 GMT
Content-Type: application/json
Transfer-Encoding: chunked
Connection: keep-alive
Access-Control-Allow-Origin: *
Access-Control-Allow-Methods: GET, POST, DELETE, PUT
Access-Control-Allow-Headers: Content-Type, api_key, Authorization
Server: Jetty(9.2.9.v20150224)

{
    "code": 200,
    "type": "unknown",
    "message": "1525320084"
}
]]></system-out>
  </testcase>
  <testcase name="getUserbyName" classname="api.tests.UserTests" time="1.227">
    <system-out><![CDATA[HTTP/1.1 200 OK
Date: Mon, 26 Feb 2024 11:25:42 GMT
Content-Type: application/json
Transfer-Encoding: chunked
Connection: keep-alive
Access-Control-Allow-Origin: *
Access-Control-Allow-Methods: GET, POST, DELETE, PUT
Access-Control-Allow-Headers: Content-Type, api_key, Authorization
Server: Jetty(9.2.9.v20150224)

{
    "id": 1525320084,
    "username": "lesley.hodkiewicz",
    "email": "sol.hettinger@example.com",
    "password": "777ta1",
    "phone": "904-177-6257",
    "userStatus": 0
}
]]></system-out>
  </testcase>
  <testcase name="update" classname="api.tests.UserTests" time="1.179">
    <system-out><![CDATA[HTTP/1.1 200 OK
Date: Mon, 26 Feb 2024 11:25:43 GMT
Content-Type: application/json
Transfer-Encoding: chunked
Connection: keep-alive
Access-Control-Allow-Origin: *
Access-Control-Allow-Methods: GET, POST, DELETE, PUT
Access-Control-Allow-Headers: Content-Type, api_key, Authorization
Server: Jetty(9.2.9.v20150224)

{
    "code": 200,
    "type": "unknown",
    "message": "1525320084"
}
]]></system-out>
  </testcase>
</testsuite>