<?xml version="1.0" encoding="UTF-8"?>
<testng-results ignored="0" total="9" passed="9" failed="0" skipped="0">
  <reporter-output>
  </reporter-output>
  <suite started-at="2024-02-26T16:55:26 IST" name="Surefire suite" finished-at="2024-02-26T16:55:43 IST" duration-ms="17166">
    <groups>
    </groups>
    <test started-at="2024-02-26T16:55:26 IST" name="Surefire test" finished-at="2024-02-26T16:55:43 IST" duration-ms="17166">
      <class name="api.tests.UserTests">
        <test-method is-config="true" signature="setupdata()[pri:0, instance:api.tests.UserTests@550ee7e5]" started-at="2024-02-26T16:55:38 IST" name="setupdata" finished-at="2024-02-26T16:55:39 IST" duration-ms="839" status="PASS">
          <reporter-output>
          </reporter-output>
        </test-method> <!-- setupdata -->
        <test-method signature="postUser()[pri:1, instance:api.tests.UserTests@550ee7e5]" started-at="2024-02-26T16:55:39 IST" name="postUser" finished-at="2024-02-26T16:55:40 IST" duration-ms="1230" status="PASS">
          <reporter-output>
          </reporter-output>
        </test-method> <!-- postUser -->
        <test-method signature="getUserbyName()[pri:2, instance:api.tests.UserTests@550ee7e5]" started-at="2024-02-26T16:55:40 IST" name="getUserbyName" finished-at="2024-02-26T16:55:42 IST" duration-ms="1233" status="PASS">
          <reporter-output>
          </reporter-output>
        </test-method> <!-- getUserbyName -->
        <test-method signature="update()[pri:3, instance:api.tests.UserTests@550ee7e5]" started-at="2024-02-26T16:55:42 IST" name="update" finished-at="2024-02-26T16:55:43 IST" duration-ms="1184" status="PASS">
          <reporter-output>
          </reporter-output>
        </test-method> <!-- update -->
      </class> <!-- api.tests.UserTests -->
      <class name="api.tests.DDTests">
        <test-method signature="testPostUser(java.lang.String,java.lang.String,java.lang.String,java.lang.String,java.lang.String,java.lang.String,java.lang.String)[pri:1, instance:api.tests.DDTests@1f97cf0d]" started-at="2024-02-26T16:55:28 IST" name="testPostUser" data-provider="Data" finished-at="2024-02-26T16:55:32 IST" duration-ms="4082" status="PASS">
          <params>
            <param index="0">
              <value>
                <![CDATA[1010]]>
              </value>
            </param>
            <param index="1">
              <value>
                <![CDATA[user1]]>
              </value>
            </param>
            <param index="2">
              <value>
                <![CDATA[fn1]]>
              </value>
            </param>
            <param index="3">
              <value>
                <![CDATA[ln1]]>
              </value>
            </param>
            <param index="4">
              <value>
                <![CDATA[fnlm1@gmail]]>
              </value>
            </param>
            <param index="5">
              <value>
                <![CDATA[test@1]]>
              </value>
            </param>
            <param index="6">
              <value>
                <![CDATA[987685]]>
              </value>
            </param>
          </params>
          <reporter-output>
          </reporter-output>
        </test-method> <!-- testPostUser -->
        <test-method signature="testPostUser(java.lang.String,java.lang.String,java.lang.String,java.lang.String,java.lang.String,java.lang.String,java.lang.String)[pri:1, instance:api.tests.DDTests@1f97cf0d]" started-at="2024-02-26T16:55:32 IST" name="testPostUser" data-provider="Data" finished-at="2024-02-26T16:55:34 IST" duration-ms="1172" status="PASS">
          <params>
            <param index="0">
              <value>
                <![CDATA[1020]]>
              </value>
            </param>
            <param index="1">
              <value>
                <![CDATA[user2]]>
              </value>
            </param>
            <param index="2">
              <value>
                <![CDATA[fn2]]>
              </value>
            </param>
            <param index="3">
              <value>
                <![CDATA[ln2]]>
              </value>
            </param>
            <param index="4">
              <value>
                <![CDATA[fnlm2@gmail]]>
              </value>
            </param>
            <param index="5">
              <value>
                <![CDATA[test@1]]>
              </value>
            </param>
            <param index="6">
              <value>
                <![CDATA[123456]]>
              </value>
            </param>
          </params>
          <reporter-output>
          </reporter-output>
        </test-method> <!-- testPostUser -->
        <test-method signature="testPostUser(java.lang.String,java.lang.String,java.lang.String,java.lang.String,java.lang.String,java.lang.String,java.lang.String)[pri:1, instance:api.tests.DDTests@1f97cf0d]" started-at="2024-02-26T16:55:34 IST" name="testPostUser" data-provider="Data" finished-at="2024-02-26T16:55:35 IST" duration-ms="1148" status="PASS">
          <params>
            <param index="0">
              <value>
                <![CDATA[1030]]>
              </value>
            </param>
            <param index="1">
              <value>
                <![CDATA[user3]]>
              </value>
            </param>
            <param index="2">
              <value>
                <![CDATA[fn3]]>
              </value>
            </param>
            <param index="3">
              <value>
                <![CDATA[ln3]]>
              </value>
            </param>
            <param index="4">
              <value>
                <![CDATA[fnlm3@gmail]]>
              </value>
            </param>
            <param index="5">
              <value>
                <![CDATA[test@1]]>
              </value>
            </param>
            <param index="6">
              <value>
                <![CDATA[6547843]]>
              </value>
            </param>
          </params>
          <reporter-output>
          </reporter-output>
        </test-method> <!-- testPostUser -->
        <test-method signature="deleteUserbyUserName(java.lang.String)[pri:2, instance:api.tests.DDTests@1f97cf0d]" started-at="2024-02-26T16:55:35 IST" name="deleteUserbyUserName" data-provider="UserNames" finished-at="2024-02-26T16:55:36 IST" duration-ms="1228" status="PASS">
          <params>
            <param index="0">
              <value>
                <![CDATA[user1]]>
              </value>
            </param>
          </params>
          <reporter-output>
          </reporter-output>
        </test-method> <!-- deleteUserbyUserName -->
        <test-method signature="deleteUserbyUserName(java.lang.String)[pri:2, instance:api.tests.DDTests@1f97cf0d]" started-at="2024-02-26T16:55:36 IST" name="deleteUserbyUserName" data-provider="UserNames" finished-at="2024-02-26T16:55:37 IST" duration-ms="1128" status="PASS">
          <params>
            <param index="0">
              <value>
                <![CDATA[user2]]>
              </value>
            </param>
          </params>
          <reporter-output>
          </reporter-output>
        </test-method> <!-- deleteUserbyUserName -->
        <test-method signature="deleteUserbyUserName(java.lang.String)[pri:2, instance:api.tests.DDTests@1f97cf0d]" started-at="2024-02-26T16:55:37 IST" name="deleteUserbyUserName" data-provider="UserNames" finished-at="2024-02-26T16:55:38 IST" duration-ms="1169" status="PASS">
          <params>
            <param index="0">
              <value>
                <![CDATA[user3]]>
              </value>
            </param>
          </params>
          <reporter-output>
          </reporter-output>
        </test-method> <!-- deleteUserbyUserName -->
      </class> <!-- api.tests.DDTests -->
    </test> <!-- Surefire test -->
  </suite> <!-- Surefire suite -->
</testng-results>
