<?xml version="1.0" encoding="UTF-8"?>
<testng-results ignored="0" total="3" passed="3" failed="0" skipped="0">
  <reporter-output>
  </reporter-output>
  <suite started-at="2022-10-26T16:27:33 IST" name="GURU WEBSITE TEST AUTOMATION SUITE" finished-at="2022-10-26T16:28:00 IST" duration-ms="26963">
    <groups>
    </groups>
    <test started-at="2022-10-26T16:27:33 IST" name="Test" finished-at="2022-10-26T16:28:00 IST" duration-ms="26963">
      <class name="TestCases.Guru_HomePageTest">
        <test-method is-config="true" signature="Setup()[pri:0, instance:TestCases.Guru_HomePageTest@4802796d]" started-at="2022-10-26T16:27:42 IST" name="Setup" finished-at="2022-10-26T16:27:46 IST" duration-ms="4356" status="PASS">
          <reporter-output>
          </reporter-output>
        </test-method> <!-- Setup -->
        <test-method is-config="true" signature="setUp()[pri:0, instance:TestCases.Guru_HomePageTest@4802796d]" started-at="2022-10-26T16:27:46 IST" name="setUp" finished-at="2022-10-26T16:27:48 IST" duration-ms="1603" status="PASS">
          <reporter-output>
          </reporter-output>
        </test-method> <!-- setUp -->
        <test-method signature="RegNewUser(java.lang.String,java.lang.String,java.lang.String,java.lang.String,java.lang.String,java.lang.String,java.lang.String,java.lang.String,java.lang.String,java.lang.String)[pri:0, instance:TestCases.Guru_HomePageTest@4802796d]" started-at="2022-10-26T16:27:48 IST" name="RegNewUser" data-provider="getNewCustData" finished-at="2022-10-26T16:27:53 IST" duration-ms="5604" status="PASS">
          <params>
            <param index="0">
              <value>
                <![CDATA[Devi]]>
              </value>
            </param>
            <param index="1">
              <value>
                <![CDATA[Female]]>
              </value>
            </param>
            <param index="2">
              <value>
                <![CDATA[19/12/1995]]>
              </value>
            </param>
            <param index="3">
              <value>
                <![CDATA[Balaji Hills Colony,Boduppal]]>
              </value>
            </param>
            <param index="4">
              <value>
                <![CDATA[Hyderabad]]>
              </value>
            </param>
            <param index="5">
              <value>
                <![CDATA[Telangana]]>
              </value>
            </param>
            <param index="6">
              <value>
                <![CDATA[500039]]>
              </value>
            </param>
            <param index="7">
              <value>
                <![CDATA[2147483647]]>
              </value>
            </param>
            <param index="8">
              <value>
                <![CDATA[12345@gmail.com]]>
              </value>
            </param>
            <param index="9">
              <value>
                <![CDATA[Saibaba1@]]>
              </value>
            </param>
          </params>
          <reporter-output>
          </reporter-output>
        </test-method> <!-- RegNewUser -->
        <test-method is-config="true" signature="TearDown()[pri:0, instance:TestCases.Guru_HomePageTest@4802796d]" started-at="2022-10-26T16:27:53 IST" name="TearDown" finished-at="2022-10-26T16:27:53 IST" duration-ms="241" status="PASS">
          <reporter-output>
          </reporter-output>
        </test-method> <!-- TearDown -->
        <test-method is-config="true" signature="Setup()[pri:0, instance:TestCases.Guru_HomePageTest@4802796d]" started-at="2022-10-26T16:27:53 IST" name="Setup" finished-at="2022-10-26T16:27:58 IST" duration-ms="4756" status="PASS">
          <reporter-output>
          </reporter-output>
        </test-method> <!-- Setup -->
        <test-method is-config="true" signature="setUp()[pri:0, instance:TestCases.Guru_HomePageTest@4802796d]" started-at="2022-10-26T16:27:58 IST" name="setUp" finished-at="2022-10-26T16:27:59 IST" duration-ms="385" status="PASS">
          <reporter-output>
          </reporter-output>
        </test-method> <!-- setUp -->
        <test-method signature="check()[pri:0, instance:TestCases.Guru_HomePageTest@4802796d]" started-at="2022-10-26T16:27:59 IST" name="check" finished-at="2022-10-26T16:28:00 IST" duration-ms="993" status="PASS">
          <reporter-output>
          </reporter-output>
        </test-method> <!-- check -->
        <test-method is-config="true" signature="TearDown()[pri:0, instance:TestCases.Guru_HomePageTest@4802796d]" started-at="2022-10-26T16:28:00 IST" name="TearDown" finished-at="2022-10-26T16:28:00 IST" duration-ms="225" status="PASS">
          <reporter-output>
          </reporter-output>
        </test-method> <!-- TearDown -->
      </class> <!-- TestCases.Guru_HomePageTest -->
      <class name="TestCases.Guru_LoginTest">
        <test-method is-config="true" signature="Setup()[pri:0, instance:TestCases.Guru_LoginTest@5b8dfcc1]" started-at="2022-10-26T16:27:33 IST" name="Setup" finished-at="2022-10-26T16:27:39 IST" duration-ms="5915" status="PASS">
          <reporter-output>
          </reporter-output>
        </test-method> <!-- Setup -->
        <test-method signature="Test()[pri:0, instance:TestCases.Guru_LoginTest@5b8dfcc1]" started-at="2022-10-26T16:27:39 IST" name="Test" finished-at="2022-10-26T16:27:41 IST" duration-ms="1754" status="PASS">
          <reporter-output>
          </reporter-output>
        </test-method> <!-- Test -->
        <test-method is-config="true" signature="TearDown()[pri:0, instance:TestCases.Guru_LoginTest@5b8dfcc1]" started-at="2022-10-26T16:27:41 IST" name="TearDown" finished-at="2022-10-26T16:27:41 IST" duration-ms="191" status="PASS">
          <reporter-output>
          </reporter-output>
        </test-method> <!-- TearDown -->
      </class> <!-- TestCases.Guru_LoginTest -->
    </test> <!-- Test -->
  </suite> <!-- GURU WEBSITE TEST AUTOMATION SUITE -->
</testng-results>
