<?xml version="1.0" encoding="UTF-8"?>
<testng-results ignored="0" total="0" passed="0" failed="0" skipped="0">
  <reporter-output>
  </reporter-output>
  <suite started-at="2022-04-05T16:06:56 IST" name="Default suite" finished-at="2022-04-05T16:06:57 IST" duration-ms="366">
    <groups>
      <group name="cucumber">
        <method signature="AbstractTestNGCucumberTests.runScenario(io.cucumber.testng.PickleWrapper,io.cucumber.testng.FeatureWrapper)[pri:0, instance:StepDef.Runner_DataTable@3c19aaa5]" name="runScenario" class="io.cucumber.testng.AbstractTestNGCucumberTests"/>
      </group> <!-- cucumber -->
    </groups>
    <test started-at="2022-04-05T16:06:56 IST" name="Default test" finished-at="2022-04-05T16:06:57 IST" duration-ms="366">
      <class name="StepDef.Runner_DataTable">
        <test-method is-config="true" signature="setUpClass(org.testng.ITestContext)[pri:0, instance:StepDef.Runner_DataTable@3c19aaa5]" started-at="2022-04-05T16:06:56 IST" name="setUpClass" finished-at="2022-04-05T16:06:56 IST" duration-ms="301" status="PASS">
          <params>
            <param index="0">
              <value>
                <![CDATA[org.testng.TestRunner@4c5ae43b]]>
              </value>
            </param>
          </params>
          <reporter-output>
          </reporter-output>
        </test-method> <!-- setUpClass -->
        <test-method is-config="true" signature="tearDownClass()[pri:0, instance:StepDef.Runner_DataTable@3c19aaa5]" started-at="2022-04-05T16:06:56 IST" name="tearDownClass" finished-at="2022-04-05T16:06:57 IST" duration-ms="26" status="PASS">
          <reporter-output>
          </reporter-output>
        </test-method> <!-- tearDownClass -->
      </class> <!-- StepDef.Runner_DataTable -->
    </test> <!-- Default test -->
  </suite> <!-- Default suite -->
</testng-results>
