<?xml version="1.0" encoding="UTF-8"?>
<testng-results skipped="0" failed="0" total="1" passed="1">
  <reporter-output>
  </reporter-output>
  <suite name="Default suite" duration-ms="13458" started-at="2021-12-16T15:29:35Z" finished-at="2021-12-16T15:29:49Z">
    <groups>
    </groups>
    <test name="Default test" duration-ms="13458" started-at="2021-12-16T15:29:35Z" finished-at="2021-12-16T15:29:49Z">
      <class name="orangehrm.testcases.AdminLoginTest">
        <test-method status="PASS" signature="launchApp()[pri:0, instance:orangehrm.testcases.AdminLoginTest@5e025e70]" name="launchApp" is-config="true" duration-ms="6889" started-at="2021-12-16T20:59:35Z" finished-at="2021-12-16T20:59:42Z">
          <reporter-output>
          </reporter-output>
        </test-method> <!-- launchApp -->
        <test-method status="PASS" signature="checkAdminLogin()[pri:0, instance:orangehrm.testcases.AdminLoginTest@5e025e70]" name="checkAdminLogin" duration-ms="6078" started-at="2021-12-16T20:59:42Z" finished-at="2021-12-16T20:59:48Z">
          <reporter-output>
          </reporter-output>
        </test-method> <!-- checkAdminLogin -->
        <test-method status="PASS" signature="closeApp()[pri:0, instance:orangehrm.testcases.AdminLoginTest@5e025e70]" name="closeApp" is-config="true" duration-ms="484" started-at="2021-12-16T20:59:48Z" finished-at="2021-12-16T20:59:49Z">
          <reporter-output>
          </reporter-output>
        </test-method> <!-- closeApp -->
      </class> <!-- orangehrm.testcases.AdminLoginTest -->
    </test> <!-- Default test -->
  </suite> <!-- Default suite -->
</testng-results>
