<?xml version="1.0" encoding="UTF-8"?>
<!-- Generated by org.testng.reporters.JUnitXMLReporter -->
<testsuite ignored="0" hostname="DESKTOP-IG45S0Q" failures="1" tests="2" name="SendMail TestCase" time="3.945" errors="0" timestamp="2022-04-07T11:59:00 IST">
  <testcase classname="utils.BaseTest" name="CaptureScreenShot" time="0.0">
    <failure type="org.testng.TestNGException" message="
Cannot inject @Test annotated Method [CaptureScreenShot] with [class java.lang.String].
For more information on native dependency injection please refer to https://testng.org/doc/documentation-main.html#native-dependency-injection">
      <![CDATA[org.testng.TestNGException: 
Cannot inject @Test annotated Method [CaptureScreenShot] with [class java.lang.String].
For more information on native dependency injection please refer to https://testng.org/doc/documentation-main.html#native-dependency-injection
at java.base/java.util.ArrayList.forEach(ArrayList.java:1511)
... Removed 26 stack frames]]>
    </failure>
  </testcase> <!-- CaptureScreenShot -->
  <testcase classname="Demo.SendMailTest" name="SendMail" time="0.007"/>
</testsuite> <!-- SendMail TestCase -->
