<?xml version="1.0" encoding="UTF-8"?>
<testng-results ignored="0" total="6" passed="6" failed="0" skipped="0">
  <reporter-output>
  </reporter-output>
  <suite started-at="2024-02-22T10:26:34 IST" name="Default suite" finished-at="2024-02-22T10:26:46 IST" duration-ms="11535">
    <groups>
    </groups>
    <test started-at="2024-02-22T10:26:34 IST" name="Default test" finished-at="2024-02-22T10:26:46 IST" duration-ms="11535">
      <class name="api.tests.DDTests">
        <test-method signature="testPostUser(java.lang.String,java.lang.String,java.lang.String,java.lang.String,java.lang.String,java.lang.String,java.lang.String)[pri:1, instance:api.tests.DDTests@5677323c]" started-at="2024-02-22T10:26:36 IST" name="testPostUser" data-provider="Data" finished-at="2024-02-22T10:26:40 IST" duration-ms="3649" status="PASS">
          <params>
            <param index="0">
              <value>
                <![CDATA[1010]]>
              </value>
            </param>
            <param index="1">
              <value>
                <![CDATA[user1]]>
              </value>
            </param>
            <param index="2">
              <value>
                <![CDATA[fn1]]>
              </value>
            </param>
            <param index="3">
              <value>
                <![CDATA[ln1]]>
              </value>
            </param>
            <param index="4">
              <value>
                <![CDATA[fnlm1@gmail]]>
              </value>
            </param>
            <param index="5">
              <value>
                <![CDATA[test@1]]>
              </value>
            </param>
            <param index="6">
              <value>
                <![CDATA[987685]]>
              </value>
            </param>
          </params>
          <reporter-output>
          </reporter-output>
        </test-method> <!-- testPostUser -->
        <test-method signature="testPostUser(java.lang.String,java.lang.String,java.lang.String,java.lang.String,java.lang.String,java.lang.String,java.lang.String)[pri:1, instance:api.tests.DDTests@5677323c]" started-at="2024-02-22T10:26:40 IST" name="testPostUser" data-provider="Data" finished-at="2024-02-22T10:26:41 IST" duration-ms="1138" status="PASS">
          <params>
            <param index="0">
              <value>
                <![CDATA[1020]]>
              </value>
            </param>
            <param index="1">
              <value>
                <![CDATA[user2]]>
              </value>
            </param>
            <param index="2">
              <value>
                <![CDATA[fn2]]>
              </value>
            </param>
            <param index="3">
              <value>
                <![CDATA[ln2]]>
              </value>
            </param>
            <param index="4">
              <value>
                <![CDATA[fnlm2@gmail]]>
              </value>
            </param>
            <param index="5">
              <value>
                <![CDATA[test@1]]>
              </value>
            </param>
            <param index="6">
              <value>
                <![CDATA[123456]]>
              </value>
            </param>
          </params>
          <reporter-output>
          </reporter-output>
        </test-method> <!-- testPostUser -->
        <test-method signature="testPostUser(java.lang.String,java.lang.String,java.lang.String,java.lang.String,java.lang.String,java.lang.String,java.lang.String)[pri:1, instance:api.tests.DDTests@5677323c]" started-at="2024-02-22T10:26:41 IST" name="testPostUser" data-provider="Data" finished-at="2024-02-22T10:26:42 IST" duration-ms="1156" status="PASS">
          <params>
            <param index="0">
              <value>
                <![CDATA[1030]]>
              </value>
            </param>
            <param index="1">
              <value>
                <![CDATA[user3]]>
              </value>
            </param>
            <param index="2">
              <value>
                <![CDATA[fn3]]>
              </value>
            </param>
            <param index="3">
              <value>
                <![CDATA[ln3]]>
              </value>
            </param>
            <param index="4">
              <value>
                <![CDATA[fnlm3@gmail]]>
              </value>
            </param>
            <param index="5">
              <value>
                <![CDATA[test@1]]>
              </value>
            </param>
            <param index="6">
              <value>
                <![CDATA[6547843]]>
              </value>
            </param>
          </params>
          <reporter-output>
          </reporter-output>
        </test-method> <!-- testPostUser -->
        <test-method signature="deleteUserbyUserName(java.lang.String)[pri:2, instance:api.tests.DDTests@5677323c]" started-at="2024-02-22T10:26:42 IST" name="deleteUserbyUserName" data-provider="UserNames" finished-at="2024-02-22T10:26:43 IST" duration-ms="1197" status="PASS">
          <params>
            <param index="0">
              <value>
                <![CDATA[user1]]>
              </value>
            </param>
          </params>
          <reporter-output>
          </reporter-output>
        </test-method> <!-- deleteUserbyUserName -->
        <test-method signature="deleteUserbyUserName(java.lang.String)[pri:2, instance:api.tests.DDTests@5677323c]" started-at="2024-02-22T10:26:43 IST" name="deleteUserbyUserName" data-provider="UserNames" finished-at="2024-02-22T10:26:44 IST" duration-ms="1184" status="PASS">
          <params>
            <param index="0">
              <value>
                <![CDATA[user2]]>
              </value>
            </param>
          </params>
          <reporter-output>
          </reporter-output>
        </test-method> <!-- deleteUserbyUserName -->
        <test-method signature="deleteUserbyUserName(java.lang.String)[pri:2, instance:api.tests.DDTests@5677323c]" started-at="2024-02-22T10:26:44 IST" name="deleteUserbyUserName" data-provider="UserNames" finished-at="2024-02-22T10:26:46 IST" duration-ms="1123" status="PASS">
          <params>
            <param index="0">
              <value>
                <![CDATA[user3]]>
              </value>
            </param>
          </params>
          <reporter-output>
          </reporter-output>
        </test-method> <!-- deleteUserbyUserName -->
      </class> <!-- api.tests.DDTests -->
    </test> <!-- Default test -->
  </suite> <!-- Default suite -->
</testng-results>
