<?xml version="1.0" encoding="UTF-8"?>
<!-- Generated by org.testng.reporters.JUnitXMLReporter -->
<testsuite ignored="0" hostname="DESKTOP-IG45S0Q" failures="0" tests="7" name="Test1" time="0.089" errors="0" timestamp="2022-05-20T16:36:08 IST">
  <testcase classname="ParallelTest.TestClass2" name="testMethod5" time="0.015"/>
  <testcase classname="ParallelTest.TestClass1" name="testMethod1" time="0.015"/>
  <testcase classname="ParallelTest.TestClass1" name="testMethod2" time="0.002"/>
  <testcase classname="ParallelTest.TestClass2" name="testMethod6" time="0.004"/>
  <testcase classname="ParallelTest.TestClass1" name="testMethod3" time="0.003"/>
  <testcase classname="ParallelTest.TestClass2" name="testMethod7" time="0.003"/>
  <testcase classname="ParallelTest.TestClass1" name="testMethod4" time="0.004"/>
</testsuite> <!-- Test1 -->
