<?xml version="1.0" encoding="UTF-8"?>
<!-- Generated by org.testng.reporters.JUnitXMLReporter -->
<testsuite ignored="0" hostname="TirumalaDevi" failures="0" tests="7" name="Test1" time="0.15" errors="0" timestamp="2023-08-07T11:40:53 IST">
  <testcase classname="ParallelTest.TestClass1" name="testMethod2" time="0.026"/>
  <testcase classname="ParallelTest.TestClass1" name="testMethod1" time="0.022"/>
  <testcase classname="ParallelTest.TestClass1" name="testMethod3" time="0.002"/>
  <testcase classname="ParallelTest.TestClass1" name="testMethod4" time="0.017"/>
  <testcase classname="ParallelTest.TestClass2" name="testMethod5" time="0.013"/>
  <testcase classname="ParallelTest.TestClass2" name="testMethod6" time="0.003"/>
  <testcase classname="ParallelTest.TestClass2" name="testMethod7" time="0.001"/>
</testsuite> <!-- Test1 -->
