<?xml version="1.0" encoding="UTF-8"?>
<!-- Generated by org.testng.reporters.JUnitXMLReporter -->
<testsuite ignored="1" hostname="TirumalaDevi" failures="0" tests="2" name="Test2" time="0.035" errors="0" timestamp="2023-02-13T16:06:47 IST">
  <testcase classname="Listeners.TestListenerExample" name="@BeforeMethod Setup" time="0.002">
    <failure type="java.lang.NoClassDefFoundError" message="org/apache/hc/core5/http/ClassicHttpRequest">
      <![CDATA[java.lang.NoClassDefFoundError: org/apache/hc/core5/http/ClassicHttpRequest
at Listeners.TestListenerExample.Setup(TestListenerExample.java:25)
at java.base/java.util.ArrayList.forEach(ArrayList.java:1511)
Caused by: java.lang.ClassNotFoundException: org.apache.hc.core5.http.ClassicHttpRequest
at java.base/jdk.internal.loader.BuiltinClassLoader.loadClass(BuiltinClassLoader.java:641)
at java.base/jdk.internal.loader.ClassLoaders$AppClassLoader.loadClass(ClassLoaders.java:188)
at java.base/java.lang.ClassLoader.loadClass(ClassLoader.java:520)
... 33 more
... Removed 31 stack frames]]>
    </failure>
  </testcase> <!-- @BeforeMethod Setup -->
  <testcase classname="Listeners.TestListenerExample" name="@AfterMethod teardown" time="-1.676284607199E9">
    <skipped/>
  </testcase> <!-- @AfterMethod teardown -->
  <testcase classname="Listeners.TestListenerExample" name="@BeforeMethod Setup" time="-1.676284607202E9">
    <skipped/>
  </testcase> <!-- @BeforeMethod Setup -->
  <testcase classname="Listeners.TestListenerExample" name="@AfterMethod teardown" time="-1.676284607209E9">
    <skipped/>
  </testcase> <!-- @AfterMethod teardown -->
  <testcase classname="Listeners.TestListenerExample" name="TestToFail" time="0.0">
    <skipped/>
  </testcase> <!-- TestToFail -->
  <testcase classname="Listeners.TestListenerExample" name="Test" time="0.0">
    <skipped/>
  </testcase> <!-- Test -->
  <testcase classname="Listeners.TestListenerExample" name="Login" time="0.0">
    <ignored/>
  </testcase> <!-- Login -->
</testsuite> <!-- Test2 -->
