<?xml version="1.0" encoding="UTF-8"?>
<testng-results ignored="0" total="1" passed="1" failed="0" skipped="0">
  <reporter-output>
  </reporter-output>
  <suite started-at="2024-02-23T14:42:20 IST" name="Default suite" finished-at="2024-02-23T14:42:24 IST" duration-ms="3441">
    <groups>
    </groups>
    <test started-at="2024-02-23T14:42:20 IST" name="Default test" finished-at="2024-02-23T14:42:24 IST" duration-ms="3441">
      <class name="api.tests.jsonfiletest">
        <test-method signature="createUser()[pri:0, instance:api.tests.jsonfiletest@71a8adcf]" started-at="2024-02-23T14:42:20 IST" name="createUser" finished-at="2024-02-23T14:42:24 IST" duration-ms="3364" status="PASS">
          <reporter-output>
          </reporter-output>
        </test-method> <!-- createUser -->
      </class> <!-- api.tests.jsonfiletest -->
    </test> <!-- Default test -->
  </suite> <!-- Default suite -->
</testng-results>
