<?xml version="1.0" encoding="UTF-8"?>
<testng-results ignored="0" total="1" passed="1" failed="0" skipped="0">
  <reporter-output>
  </reporter-output>
  <suite started-at="2023-07-06T19:58:31 IST" name="TestRail Integartion" finished-at="2023-07-06T19:58:59 IST" duration-ms="28282">
    <groups>
    </groups>
    <test started-at="2023-07-06T19:58:31 IST" name="ORANGEHRM Test" finished-at="2023-07-06T19:58:59 IST" duration-ms="28282">
      <class name="Tests.OrangeHRM">
        <test-method is-config="true" signature="setup(java.lang.String)[pri:0, instance:Tests.OrangeHRM@27462a88]" started-at="2023-07-06T19:58:31 IST" name="setup" finished-at="2023-07-06T19:58:49 IST" duration-ms="18812" status="PASS">
          <params>
            <param index="0">
              <value>
                <![CDATA[https://opensource-demo.orangehrmlive.com/web/index.php/auth/login]]>
              </value>
            </param>
          </params>
          <reporter-output>
          </reporter-output>
        </test-method> <!-- setup -->
        <test-method signature="loginTest()[pri:0, instance:Tests.OrangeHRM@27462a88]" started-at="2023-07-06T19:58:49 IST" name="loginTest" finished-at="2023-07-06T19:58:56 IST" duration-ms="6335" status="PASS">
          <reporter-output>
          </reporter-output>
        </test-method> <!-- loginTest -->
        <test-method is-config="true" signature="addResultsToTestRail(org.testng.ITestResult)[pri:0, instance:Tests.OrangeHRM@27462a88]" started-at="2023-07-06T19:58:56 IST" name="addResultsToTestRail" finished-at="2023-07-06T19:58:58 IST" duration-ms="2382" status="PASS">
          <params>
            <param index="0">
              <value>
                <![CDATA[[TestResult name=loginTest status=SUCCESS method=OrangeHRM.loginTest()[pri:0, instance:Tests.OrangeHRM@27462a88] output={null}]]]>
              </value>
            </param>
          </params>
          <reporter-output>
          </reporter-output>
        </test-method> <!-- addResultsToTestRail -->
        <test-method is-config="true" signature="teardown()[pri:0, instance:Tests.OrangeHRM@27462a88]" started-at="2023-07-06T19:58:58 IST" name="teardown" finished-at="2023-07-06T19:58:59 IST" duration-ms="682" status="PASS">
          <reporter-output>
          </reporter-output>
        </test-method> <!-- teardown -->
      </class> <!-- Tests.OrangeHRM -->
    </test> <!-- ORANGEHRM Test -->
  </suite> <!-- TestRail Integartion -->
</testng-results>
