<?xml version="1.0" encoding="UTF-8"?>
<!-- Generated by org.testng.reporters.JUnitXMLReporter -->
<testsuite ignored="0" hostname="TirumalaDevi" failures="0" tests="9" name="Surefire test" time="17.166" errors="0" timestamp="2024-02-26T16:55:43 IST">
  <testcase classname="api.tests.DDTests" name="testPostUser" time="4.082"/>
  <testcase classname="api.tests.DDTests" name="testPostUser" time="1.172"/>
  <testcase classname="api.tests.DDTests" name="testPostUser" time="1.148"/>
  <testcase classname="api.tests.DDTests" name="deleteUserbyUserName" time="1.228"/>
  <testcase classname="api.tests.DDTests" name="deleteUserbyUserName" time="1.128"/>
  <testcase classname="api.tests.DDTests" name="deleteUserbyUserName" time="1.169"/>
  <testcase classname="api.tests.UserTests" name="postUser" time="1.23"/>
  <testcase classname="api.tests.UserTests" name="getUserbyName" time="1.233"/>
  <testcase classname="api.tests.UserTests" name="update" time="1.184"/>
</testsuite> <!-- Surefire test -->
