<?xml version="1.0" encoding="UTF-8"?>
<!-- Generated by org.testng.reporters.JUnitXMLReporter -->
<testsuite ignored="0" hostname="DESKTOP-IG45S0Q" failures="0" tests="2" name="LoginTest" time="11.665" errors="0" timestamp="2022-10-26T15:07:05 IST">
  <testcase classname="TestCases.Guru_HomePageTest" name="@BeforeMethod setUp" time="0.004">
    <failure type="java.lang.StackOverflowError">
      <![CDATA[java.lang.StackOverflowError
at TestCases.Guru_HomePageTest.setUp(Guru_HomePageTest.java:29)
at TestCases.Guru_HomePageTest.setUp(Guru_HomePageTest.java:29)
at TestCases.Guru_HomePageTest.setUp(Guru_HomePageTest.java:29)
at TestCases.Guru_HomePageTest.setUp(Guru_HomePageTest.java:29)
at TestCases.Guru_HomePageTest.setUp(Guru_HomePageTest.java:29)
at TestCases.Guru_HomePageTest.setUp(Guru_HomePageTest.java:29)
at TestCases.Guru_HomePageTest.setUp(Guru_HomePageTest.java:29)
at TestCases.Guru_HomePageTest.setUp(Guru_HomePageTest.java:29)
at TestCases.Guru_HomePageTest.setUp(Guru_HomePageTest.java:29)
at TestCases.Guru_HomePageTest.setUp(Guru_HomePageTest.java:29)
at TestCases.Guru_HomePageTest.setUp(Guru_HomePageTest.java:29)
at TestCases.Guru_HomePageTest.setUp(Guru_HomePageTest.java:29)
at TestCases.Guru_HomePageTest.setUp(Guru_HomePageTest.java:29)
at TestCases.Guru_HomePageTest.setUp(Guru_HomePageTest.java:29)
at TestCases.Guru_HomePageTest.setUp(Guru_HomePageTest.java:29)
at TestCases.Guru_HomePageTest.setUp(Guru_HomePageTest.java:29)
at TestCases.Guru_HomePageTest.setUp(Guru_HomePageTest.java:29)
at TestCases.Guru_HomePageTest.setUp(Guru_HomePageTest.java:29)
at TestCases.Guru_HomePageTest.setUp(Guru_HomePageTest.java:29)
at TestCases.Guru_HomePageTest.setUp(Guru_HomePageTest.java:29)
at TestCases.Guru_HomePageTest.setUp(Guru_HomePageTest.java:29)
at TestCases.Guru_HomePageTest.setUp(Guru_HomePageTest.java:29)
at TestCases.Guru_HomePageTest.setUp(Guru_HomePageTest.java:29)
at TestCases.Guru_HomePageTest.setUp(Guru_HomePageTest.java:29)
at TestCases.Guru_HomePageTest.setUp(Guru_HomePageTest.java:29)
at TestCases.Guru_HomePageTest.setUp(Guru_HomePageTest.java:29)
at TestCases.Guru_HomePageTest.setUp(Guru_HomePageTest.java:29)
at TestCases.Guru_HomePageTest.setUp(Guru_HomePageTest.java:29)
at TestCases.Guru_HomePageTest.setUp(Guru_HomePageTest.java:29)
at TestCases.Guru_HomePageTest.setUp(Guru_HomePageTest.java:29)
at TestCases.Guru_HomePageTest.setUp(Guru_HomePageTest.java:29)
at TestCases.Guru_HomePageTest.setUp(Guru_HomePageTest.java:29)
at TestCases.Guru_HomePageTest.setUp(Guru_HomePageTest.java:29)
at TestCases.Guru_HomePageTest.setUp(Guru_HomePageTest.java:29)
at TestCases.Guru_HomePageTest.setUp(Guru_HomePageTest.java:29)
at TestCases.Guru_HomePageTest.setUp(Guru_HomePageTest.java:29)
at TestCases.Guru_HomePageTest.setUp(Guru_HomePageTest.java:29)
at TestCases.Guru_HomePageTest.setUp(Guru_HomePageTest.java:29)
at TestCases.Guru_HomePageTest.setUp(Guru_HomePageTest.java:29)
at TestCases.Guru_HomePageTest.setUp(Guru_HomePageTest.java:29)
at TestCases.Guru_HomePageTest.setUp(Guru_HomePageTest.java:29)
at TestCases.Guru_HomePageTest.setUp(Guru_HomePageTest.java:29)
at TestCases.Guru_HomePageTest.setUp(Guru_HomePageTest.java:29)
at TestCases.Guru_HomePageTest.setUp(Guru_HomePageTest.java:29)
at TestCases.Guru_HomePageTest.setUp(Guru_HomePageTest.java:29)
at TestCases.Guru_HomePageTest.setUp(Guru_HomePageTest.java:29)
at TestCases.Guru_HomePageTest.setUp(Guru_HomePageTest.java:29)
at TestCases.Guru_HomePageTest.setUp(Guru_HomePageTest.java:29)
at TestCases.Guru_HomePageTest.setUp(Guru_HomePageTest.java:29)
at TestCases.Guru_HomePageTest.setUp(Guru_HomePageTest.java:29)
at TestCases.Guru_HomePageTest.setUp(Guru_HomePageTest.java:29)
at TestCases.Guru_HomePageTest.setUp(Guru_HomePageTest.java:29)
at TestCases.Guru_HomePageTest.setUp(Guru_HomePageTest.java:29)
at TestCases.Guru_HomePageTest.setUp(Guru_HomePageTest.java:29)
at TestCases.Guru_HomePageTest.setUp(Guru_HomePageTest.java:29)
at TestCases.Guru_HomePageTest.setUp(Guru_HomePageTest.java:29)
at TestCases.Guru_HomePageTest.setUp(Guru_HomePageTest.java:29)
at TestCases.Guru_HomePageTest.setUp(Guru_HomePageTest.java:29)
at TestCases.Guru_HomePageTest.setUp(Guru_HomePageTest.java:29)
at TestCases.Guru_HomePageTest.setUp(Guru_HomePageTest.java:29)
at TestCases.Guru_HomePageTest.setUp(Guru_HomePageTest.java:29)
at TestCases.Guru_HomePageTest.setUp(Guru_HomePageTest.java:29)
at TestCases.Guru_HomePageTest.setUp(Guru_HomePageTest.java:29)
at TestCases.Guru_HomePageTest.setUp(Guru_HomePageTest.java:29)
at TestCases.Guru_HomePageTest.setUp(Guru_HomePageTest.java:29)
at TestCases.Guru_HomePageTest.setUp(Guru_HomePageTest.java:29)
at TestCases.Guru_HomePageTest.setUp(Guru_HomePageTest.java:29)
at TestCases.Guru_HomePageTest.setUp(Guru_HomePageTest.java:29)
at TestCases.Guru_HomePageTest.setUp(Guru_HomePageTest.java:29)
at TestCases.Guru_HomePageTest.setUp(Guru_HomePageTest.java:29)
at TestCases.Guru_HomePageTest.setUp(Guru_HomePageTest.java:29)
at TestCases.Guru_HomePageTest.setUp(Guru_HomePageTest.java:29)
at TestCases.Guru_HomePageTest.setUp(Guru_HomePageTest.java:29)
at TestCases.Guru_HomePageTest.setUp(Guru_HomePageTest.java:29)
at TestCases.Guru_HomePageTest.setUp(Guru_HomePageTest.java:29)
at TestCases.Guru_HomePageTest.setUp(Guru_HomePageTest.java:29)
at TestCases.Guru_HomePageTest.setUp(Guru_HomePageTest.java:29)
at TestCases.Guru_HomePageTest.setUp(Guru_HomePageTest.java:29)
at TestCases.Guru_HomePageTest.setUp(Guru_HomePageTest.java:29)
at TestCases.Guru_HomePageTest.setUp(Guru_HomePageTest.java:29)
at TestCases.Guru_HomePageTest.setUp(Guru_HomePageTest.java:29)
at TestCases.Guru_HomePageTest.setUp(Guru_HomePageTest.java:29)
at TestCases.Guru_HomePageTest.setUp(Guru_HomePageTest.java:29)
at TestCases.Guru_HomePageTest.setUp(Guru_HomePageTest.java:29)
at TestCases.Guru_HomePageTest.setUp(Guru_HomePageTest.java:29)
at TestCases.Guru_HomePageTest.setUp(Guru_HomePageTest.java:29)
at TestCases.Guru_HomePageTest.setUp(Guru_HomePageTest.java:29)
at TestCases.Guru_HomePageTest.setUp(Guru_HomePageTest.java:29)
at TestCases.Guru_HomePageTest.setUp(Guru_HomePageTest.java:29)
at TestCases.Guru_HomePageTest.setUp(Guru_HomePageTest.java:29)
at TestCases.Guru_HomePageTest.setUp(Guru_HomePageTest.java:29)
at TestCases.Guru_HomePageTest.setUp(Guru_HomePageTest.java:29)
at TestCases.Guru_HomePageTest.setUp(Guru_HomePageTest.java:29)
at TestCases.Guru_HomePageTest.setUp(Guru_HomePageTest.java:29)
at TestCases.Guru_HomePageTest.setUp(Guru_HomePageTest.java:29)
at TestCases.Guru_HomePageTest.setUp(Guru_HomePageTest.java:29)
at TestCases.Guru_HomePageTest.setUp(Guru_HomePageTest.java:29)
at TestCases.Guru_HomePageTest.setUp(Guru_HomePageTest.java:29)
at TestCases.Guru_HomePageTest.setUp(Guru_HomePageTest.java:29)
at TestCases.Guru_HomePageTest.setUp(Guru_HomePageTest.java:29)
at TestCases.Guru_HomePageTest.setUp(Guru_HomePageTest.java:29)
at TestCases.Guru_HomePageTest.setUp(Guru_HomePageTest.java:29)
at TestCases.Guru_HomePageTest.setUp(Guru_HomePageTest.java:29)
at TestCases.Guru_HomePageTest.setUp(Guru_HomePageTest.java:29)
at TestCases.Guru_HomePageTest.setUp(Guru_HomePageTest.java:29)
at TestCases.Guru_HomePageTest.setUp(Guru_HomePageTest.java:29)
at TestCases.Guru_HomePageTest.setUp(Guru_HomePageTest.java:29)
at TestCases.Guru_HomePageTest.setUp(Guru_HomePageTest.java:29)
at TestCases.Guru_HomePageTest.setUp(Guru_HomePageTest.java:29)
at TestCases.Guru_HomePageTest.setUp(Guru_HomePageTest.java:29)
at TestCases.Guru_HomePageTest.setUp(Guru_HomePageTest.java:29)
at TestCases.Guru_HomePageTest.setUp(Guru_HomePageTest.java:29)
at TestCases.Guru_HomePageTest.setUp(Guru_HomePageTest.java:29)
at TestCases.Guru_HomePageTest.setUp(Guru_HomePageTest.java:29)
at TestCases.Guru_HomePageTest.setUp(Guru_HomePageTest.java:29)
at TestCases.Guru_HomePageTest.setUp(Guru_HomePageTest.java:29)
at TestCases.Guru_HomePageTest.setUp(Guru_HomePageTest.java:29)
at TestCases.Guru_HomePageTest.setUp(Guru_HomePageTest.java:29)
at TestCases.Guru_HomePageTest.setUp(Guru_HomePageTest.java:29)
at TestCases.Guru_HomePageTest.setUp(Guru_HomePageTest.java:29)
at TestCases.Guru_HomePageTest.setUp(Guru_HomePageTest.java:29)
at TestCases.Guru_HomePageTest.setUp(Guru_HomePageTest.java:29)
at TestCases.Guru_HomePageTest.setUp(Guru_HomePageTest.java:29)
at TestCases.Guru_HomePageTest.setUp(Guru_HomePageTest.java:29)
at TestCases.Guru_HomePageTest.setUp(Guru_HomePageTest.java:29)
at TestCases.Guru_HomePageTest.setUp(Guru_HomePageTest.java:29)
at TestCases.Guru_HomePageTest.setUp(Guru_HomePageTest.java:29)
at TestCases.Guru_HomePageTest.setUp(Guru_HomePageTest.java:29)
at TestCases.Guru_HomePageTest.setUp(Guru_HomePageTest.java:29)
at TestCases.Guru_HomePageTest.setUp(Guru_HomePageTest.java:29)
at TestCases.Guru_HomePageTest.setUp(Guru_HomePageTest.java:29)
at TestCases.Guru_HomePageTest.setUp(Guru_HomePageTest.java:29)
at TestCases.Guru_HomePageTest.setUp(Guru_HomePageTest.java:29)
at TestCases.Guru_HomePageTest.setUp(Guru_HomePageTest.java:29)
at TestCases.Guru_HomePageTest.setUp(Guru_HomePageTest.java:29)
at TestCases.Guru_HomePageTest.setUp(Guru_HomePageTest.java:29)
at TestCases.Guru_HomePageTest.setUp(Guru_HomePageTest.java:29)
at TestCases.Guru_HomePageTest.setUp(Guru_HomePageTest.java:29)
at TestCases.Guru_HomePageTest.setUp(Guru_HomePageTest.java:29)
at TestCases.Guru_HomePageTest.setUp(Guru_HomePageTest.java:29)
at TestCases.Guru_HomePageTest.setUp(Guru_HomePageTest.java:29)
at TestCases.Guru_HomePageTest.setUp(Guru_HomePageTest.java:29)
at TestCases.Guru_HomePageTest.setUp(Guru_HomePageTest.java:29)
at TestCases.Guru_HomePageTest.setUp(Guru_HomePageTest.java:29)
at TestCases.Guru_HomePageTest.setUp(Guru_HomePageTest.java:29)
at TestCases.Guru_HomePageTest.setUp(Guru_HomePageTest.java:29)
at TestCases.Guru_HomePageTest.setUp(Guru_HomePageTest.java:29)
at TestCases.Guru_HomePageTest.setUp(Guru_HomePageTest.java:29)
at TestCases.Guru_HomePageTest.setUp(Guru_HomePageTest.java:29)
at TestCases.Guru_HomePageTest.setUp(Guru_HomePageTest.java:29)
at TestCases.Guru_HomePageTest.setUp(Guru_HomePageTest.java:29)
at TestCases.Guru_HomePageTest.setUp(Guru_HomePageTest.java:29)
at TestCases.Guru_HomePageTest.setUp(Guru_HomePageTest.java:29)
at TestCases.Guru_HomePageTest.setUp(Guru_HomePageTest.java:29)
at TestCases.Guru_HomePageTest.setUp(Guru_HomePageTest.java:29)
at TestCases.Guru_HomePageTest.setUp(Guru_HomePageTest.java:29)
at TestCases.Guru_HomePageTest.setUp(Guru_HomePageTest.java:29)
at TestCases.Guru_HomePageTest.setUp(Guru_HomePageTest.java:29)
at TestCases.Guru_HomePageTest.setUp(Guru_HomePageTest.java:29)
at TestCases.Guru_HomePageTest.setUp(Guru_HomePageTest.java:29)
at TestCases.Guru_HomePageTest.setUp(Guru_HomePageTest.java:29)
at TestCases.Guru_HomePageTest.setUp(Guru_HomePageTest.java:29)
at TestCases.Guru_HomePageTest.setUp(Guru_HomePageTest.java:29)
at TestCases.Guru_HomePageTest.setUp(Guru_HomePageTest.java:29)
at TestCases.Guru_HomePageTest.setUp(Guru_HomePageTest.java:29)
at TestCases.Guru_HomePageTest.setUp(Guru_HomePageTest.java:29)
at TestCases.Guru_HomePageTest.setUp(Guru_HomePageTest.java:29)
at TestCases.Guru_HomePageTest.setUp(Guru_HomePageTest.java:29)
at TestCases.Guru_HomePageTest.setUp(Guru_HomePageTest.java:29)
at TestCases.Guru_HomePageTest.setUp(Guru_HomePageTest.java:29)
at TestCases.Guru_HomePageTest.setUp(Guru_HomePageTest.java:29)
at TestCases.Guru_HomePageTest.setUp(Guru_HomePageTest.java:29)
at TestCases.Guru_HomePageTest.setUp(Guru_HomePageTest.java:29)
at TestCases.Guru_HomePageTest.setUp(Guru_HomePageTest.java:29)
at TestCases.Guru_HomePageTest.setUp(Guru_HomePageTest.java:29)
at TestCases.Guru_HomePageTest.setUp(Guru_HomePageTest.java:29)
at TestCases.Guru_HomePageTest.setUp(Guru_HomePageTest.java:29)
at TestCases.Guru_HomePageTest.setUp(Guru_HomePageTest.java:29)
at TestCases.Guru_HomePageTest.setUp(Guru_HomePageTest.java:29)
at TestCases.Guru_HomePageTest.setUp(Guru_HomePageTest.java:29)
at TestCases.Guru_HomePageTest.setUp(Guru_HomePageTest.java:29)
at TestCases.Guru_HomePageTest.setUp(Guru_HomePageTest.java:29)
at TestCases.Guru_HomePageTest.setUp(Guru_HomePageTest.java:29)
at TestCases.Guru_HomePageTest.setUp(Guru_HomePageTest.java:29)
at TestCases.Guru_HomePageTest.setUp(Guru_HomePageTest.java:29)
at TestCases.Guru_HomePageTest.setUp(Guru_HomePageTest.java:29)
at TestCases.Guru_HomePageTest.setUp(Guru_HomePageTest.java:29)
at TestCases.Guru_HomePageTest.setUp(Guru_HomePageTest.java:29)
at TestCases.Guru_HomePageTest.setUp(Guru_HomePageTest.java:29)
at TestCases.Guru_HomePageTest.setUp(Guru_HomePageTest.java:29)
at TestCases.Guru_HomePageTest.setUp(Guru_HomePageTest.java:29)
at TestCases.Guru_HomePageTest.setUp(Guru_HomePageTest.java:29)
at TestCases.Guru_HomePageTest.setUp(Guru_HomePageTest.java:29)
at TestCases.Guru_HomePageTest.setUp(Guru_HomePageTest.java:29)
at TestCases.Guru_HomePageTest.setUp(Guru_HomePageTest.java:29)
at TestCases.Guru_HomePageTest.setUp(Guru_HomePageTest.java:29)
at TestCases.Guru_HomePageTest.setUp(Guru_HomePageTest.java:29)
at TestCases.Guru_HomePageTest.setUp(Guru_HomePageTest.java:29)
at TestCases.Guru_HomePageTest.setUp(Guru_HomePageTest.java:29)
at TestCases.Guru_HomePageTest.setUp(Guru_HomePageTest.java:29)
at TestCases.Guru_HomePageTest.setUp(Guru_HomePageTest.java:29)
at TestCases.Guru_HomePageTest.setUp(Guru_HomePageTest.java:29)
at TestCases.Guru_HomePageTest.setUp(Guru_HomePageTest.java:29)
at TestCases.Guru_HomePageTest.setUp(Guru_HomePageTest.java:29)
at TestCases.Guru_HomePageTest.setUp(Guru_HomePageTest.java:29)
at TestCases.Guru_HomePageTest.setUp(Guru_HomePageTest.java:29)
at TestCases.Guru_HomePageTest.setUp(Guru_HomePageTest.java:29)
at TestCases.Guru_HomePageTest.setUp(Guru_HomePageTest.java:29)
at TestCases.Guru_HomePageTest.setUp(Guru_HomePageTest.java:29)
at TestCases.Guru_HomePageTest.setUp(Guru_HomePageTest.java:29)
at TestCases.Guru_HomePageTest.setUp(Guru_HomePageTest.java:29)
at TestCases.Guru_HomePageTest.setUp(Guru_HomePageTest.java:29)
at TestCases.Guru_HomePageTest.setUp(Guru_HomePageTest.java:29)
at TestCases.Guru_HomePageTest.setUp(Guru_HomePageTest.java:29)
at TestCases.Guru_HomePageTest.setUp(Guru_HomePageTest.java:29)
at TestCases.Guru_HomePageTest.setUp(Guru_HomePageTest.java:29)
at TestCases.Guru_HomePageTest.setUp(Guru_HomePageTest.java:29)
at TestCases.Guru_HomePageTest.setUp(Guru_HomePageTest.java:29)
at TestCases.Guru_HomePageTest.setUp(Guru_HomePageTest.java:29)
at TestCases.Guru_HomePageTest.setUp(Guru_HomePageTest.java:29)
at TestCases.Guru_HomePageTest.setUp(Guru_HomePageTest.java:29)
at TestCases.Guru_HomePageTest.setUp(Guru_HomePageTest.java:29)
at TestCases.Guru_HomePageTest.setUp(Guru_HomePageTest.java:29)
at TestCases.Guru_HomePageTest.setUp(Guru_HomePageTest.java:29)
at TestCases.Guru_HomePageTest.setUp(Guru_HomePageTest.java:29)
at TestCases.Guru_HomePageTest.setUp(Guru_HomePageTest.java:29)
at TestCases.Guru_HomePageTest.setUp(Guru_HomePageTest.java:29)
at TestCases.Guru_HomePageTest.setUp(Guru_HomePageTest.java:29)
at TestCases.Guru_HomePageTest.setUp(Guru_HomePageTest.java:29)
at TestCases.Guru_HomePageTest.setUp(Guru_HomePageTest.java:29)
at TestCases.Guru_HomePageTest.setUp(Guru_HomePageTest.java:29)
at TestCases.Guru_HomePageTest.setUp(Guru_HomePageTest.java:29)
at TestCases.Guru_HomePageTest.setUp(Guru_HomePageTest.java:29)
at TestCases.Guru_HomePageTest.setUp(Guru_HomePageTest.java:29)
at TestCases.Guru_HomePageTest.setUp(Guru_HomePageTest.java:29)
at TestCases.Guru_HomePageTest.setUp(Guru_HomePageTest.java:29)
at TestCases.Guru_HomePageTest.setUp(Guru_HomePageTest.java:29)
at TestCases.Guru_HomePageTest.setUp(Guru_HomePageTest.java:29)
at TestCases.Guru_HomePageTest.setUp(Guru_HomePageTest.java:29)
at TestCases.Guru_HomePageTest.setUp(Guru_HomePageTest.java:29)
at TestCases.Guru_HomePageTest.setUp(Guru_HomePageTest.java:29)
at TestCases.Guru_HomePageTest.setUp(Guru_HomePageTest.java:29)
at TestCases.Guru_HomePageTest.setUp(Guru_HomePageTest.java:29)
at TestCases.Guru_HomePageTest.setUp(Guru_HomePageTest.java:29)
at TestCases.Guru_HomePageTest.setUp(Guru_HomePageTest.java:29)
at TestCases.Guru_HomePageTest.setUp(Guru_HomePageTest.java:29)
at TestCases.Guru_HomePageTest.setUp(Guru_HomePageTest.java:29)
at TestCases.Guru_HomePageTest.setUp(Guru_HomePageTest.java:29)
at TestCases.Guru_HomePageTest.setUp(Guru_HomePageTest.java:29)
at TestCases.Guru_HomePageTest.setUp(Guru_HomePageTest.java:29)
at TestCases.Guru_HomePageTest.setUp(Guru_HomePageTest.java:29)
at TestCases.Guru_HomePageTest.setUp(Guru_HomePageTest.java:29)
at TestCases.Guru_HomePageTest.setUp(Guru_HomePageTest.java:29)
at TestCases.Guru_HomePageTest.setUp(Guru_HomePageTest.java:29)
at TestCases.Guru_HomePageTest.setUp(Guru_HomePageTest.java:29)
at TestCases.Guru_HomePageTest.setUp(Guru_HomePageTest.java:29)
at TestCases.Guru_HomePageTest.setUp(Guru_HomePageTest.java:29)
at TestCases.Guru_HomePageTest.setUp(Guru_HomePageTest.java:29)
at TestCases.Guru_HomePageTest.setUp(Guru_HomePageTest.java:29)
at TestCases.Guru_HomePageTest.setUp(Guru_HomePageTest.java:29)
at TestCases.Guru_HomePageTest.setUp(Guru_HomePageTest.java:29)
at TestCases.Guru_HomePageTest.setUp(Guru_HomePageTest.java:29)
at TestCases.Guru_HomePageTest.setUp(Guru_HomePageTest.java:29)
at TestCases.Guru_HomePageTest.setUp(Guru_HomePageTest.java:29)
at TestCases.Guru_HomePageTest.setUp(Guru_HomePageTest.java:29)
at TestCases.Guru_HomePageTest.setUp(Guru_HomePageTest.java:29)
at TestCases.Guru_HomePageTest.setUp(Guru_HomePageTest.java:29)
at TestCases.Guru_HomePageTest.setUp(Guru_HomePageTest.java:29)
at TestCases.Guru_HomePageTest.setUp(Guru_HomePageTest.java:29)
at TestCases.Guru_HomePageTest.setUp(Guru_HomePageTest.java:29)
at TestCases.Guru_HomePageTest.setUp(Guru_HomePageTest.java:29)
at TestCases.Guru_HomePageTest.setUp(Guru_HomePageTest.java:29)
at TestCases.Guru_HomePageTest.setUp(Guru_HomePageTest.java:29)
at TestCases.Guru_HomePageTest.setUp(Guru_HomePageTest.java:29)
at TestCases.Guru_HomePageTest.setUp(Guru_HomePageTest.java:29)
at TestCases.Guru_HomePageTest.setUp(Guru_HomePageTest.java:29)
at TestCases.Guru_HomePageTest.setUp(Guru_HomePageTest.java:29)
at TestCases.Guru_HomePageTest.setUp(Guru_HomePageTest.java:29)
at TestCases.Guru_HomePageTest.setUp(Guru_HomePageTest.java:29)
at TestCases.Guru_HomePageTest.setUp(Guru_HomePageTest.java:29)
at TestCases.Guru_HomePageTest.setUp(Guru_HomePageTest.java:29)
at TestCases.Guru_HomePageTest.setUp(Guru_HomePageTest.java:29)
at TestCases.Guru_HomePageTest.setUp(Guru_HomePageTest.java:29)
at TestCases.Guru_HomePageTest.setUp(Guru_HomePageTest.java:29)
at TestCases.Guru_HomePageTest.setUp(Guru_HomePageTest.java:29)
at TestCases.Guru_HomePageTest.setUp(Guru_HomePageTest.java:29)
at TestCases.Guru_HomePageTest.setUp(Guru_HomePageTest.java:29)
at TestCases.Guru_HomePageTest.setUp(Guru_HomePageTest.java:29)
at TestCases.Guru_HomePageTest.setUp(Guru_HomePageTest.java:29)
at TestCases.Guru_HomePageTest.setUp(Guru_HomePageTest.java:29)
at TestCases.Guru_HomePageTest.setUp(Guru_HomePageTest.java:29)
at TestCases.Guru_HomePageTest.setUp(Guru_HomePageTest.java:29)
at TestCases.Guru_HomePageTest.setUp(Guru_HomePageTest.java:29)
at TestCases.Guru_HomePageTest.setUp(Guru_HomePageTest.java:29)
at TestCases.Guru_HomePageTest.setUp(Guru_HomePageTest.java:29)
at TestCases.Guru_HomePageTest.setUp(Guru_HomePageTest.java:29)
at TestCases.Guru_HomePageTest.setUp(Guru_HomePageTest.java:29)
at TestCases.Guru_HomePageTest.setUp(Guru_HomePageTest.java:29)
at TestCases.Guru_HomePageTest.setUp(Guru_HomePageTest.java:29)
at TestCases.Guru_HomePageTest.setUp(Guru_HomePageTest.java:29)
at TestCases.Guru_HomePageTest.setUp(Guru_HomePageTest.java:29)
at TestCases.Guru_HomePageTest.setUp(Guru_HomePageTest.java:29)
at TestCases.Guru_HomePageTest.setUp(Guru_HomePageTest.java:29)
at TestCases.Guru_HomePageTest.setUp(Guru_HomePageTest.java:29)
at TestCases.Guru_HomePageTest.setUp(Guru_HomePageTest.java:29)
at TestCases.Guru_HomePageTest.setUp(Guru_HomePageTest.java:29)
at TestCases.Guru_HomePageTest.setUp(Guru_HomePageTest.java:29)
at TestCases.Guru_HomePageTest.setUp(Guru_HomePageTest.java:29)
at TestCases.Guru_HomePageTest.setUp(Guru_HomePageTest.java:29)
at TestCases.Guru_HomePageTest.setUp(Guru_HomePageTest.java:29)
at TestCases.Guru_HomePageTest.setUp(Guru_HomePageTest.java:29)
at TestCases.Guru_HomePageTest.setUp(Guru_HomePageTest.java:29)
at TestCases.Guru_HomePageTest.setUp(Guru_HomePageTest.java:29)
at TestCases.Guru_HomePageTest.setUp(Guru_HomePageTest.java:29)
at TestCases.Guru_HomePageTest.setUp(Guru_HomePageTest.java:29)
at TestCases.Guru_HomePageTest.setUp(Guru_HomePageTest.java:29)
at TestCases.Guru_HomePageTest.setUp(Guru_HomePageTest.java:29)
at TestCases.Guru_HomePageTest.setUp(Guru_HomePageTest.java:29)
at TestCases.Guru_HomePageTest.setUp(Guru_HomePageTest.java:29)
at TestCases.Guru_HomePageTest.setUp(Guru_HomePageTest.java:29)
at TestCases.Guru_HomePageTest.setUp(Guru_HomePageTest.java:29)
at TestCases.Guru_HomePageTest.setUp(Guru_HomePageTest.java:29)
at TestCases.Guru_HomePageTest.setUp(Guru_HomePageTest.java:29)
at TestCases.Guru_HomePageTest.setUp(Guru_HomePageTest.java:29)
at TestCases.Guru_HomePageTest.setUp(Guru_HomePageTest.java:29)
at TestCases.Guru_HomePageTest.setUp(Guru_HomePageTest.java:29)
at TestCases.Guru_HomePageTest.setUp(Guru_HomePageTest.java:29)
at TestCases.Guru_HomePageTest.setUp(Guru_HomePageTest.java:29)
at TestCases.Guru_HomePageTest.setUp(Guru_HomePageTest.java:29)
at TestCases.Guru_HomePageTest.setUp(Guru_HomePageTest.java:29)
at TestCases.Guru_HomePageTest.setUp(Guru_HomePageTest.java:29)
at TestCases.Guru_HomePageTest.setUp(Guru_HomePageTest.java:29)
at TestCases.Guru_HomePageTest.setUp(Guru_HomePageTest.java:29)
at TestCases.Guru_HomePageTest.setUp(Guru_HomePageTest.java:29)
at TestCases.Guru_HomePageTest.setUp(Guru_HomePageTest.java:29)
at TestCases.Guru_HomePageTest.setUp(Guru_HomePageTest.java:29)
at TestCases.Guru_HomePageTest.setUp(Guru_HomePageTest.java:29)
at TestCases.Guru_HomePageTest.setUp(Guru_HomePageTest.java:29)
at TestCases.Guru_HomePageTest.setUp(Guru_HomePageTest.java:29)
at TestCases.Guru_HomePageTest.setUp(Guru_HomePageTest.java:29)
at TestCases.Guru_HomePageTest.setUp(Guru_HomePageTest.java:29)
at TestCases.Guru_HomePageTest.setUp(Guru_HomePageTest.java:29)
at TestCases.Guru_HomePageTest.setUp(Guru_HomePageTest.java:29)
at TestCases.Guru_HomePageTest.setUp(Guru_HomePageTest.java:29)
at TestCases.Guru_HomePageTest.setUp(Guru_HomePageTest.java:29)
at TestCases.Guru_HomePageTest.setUp(Guru_HomePageTest.java:29)
at TestCases.Guru_HomePageTest.setUp(Guru_HomePageTest.java:29)
at TestCases.Guru_HomePageTest.setUp(Guru_HomePageTest.java:29)
at TestCases.Guru_HomePageTest.setUp(Guru_HomePageTest.java:29)
at TestCases.Guru_HomePageTest.setUp(Guru_HomePageTest.java:29)
at TestCases.Guru_HomePageTest.setUp(Guru_HomePageTest.java:29)
at TestCases.Guru_HomePageTest.setUp(Guru_HomePageTest.java:29)
at TestCases.Guru_HomePageTest.setUp(Guru_HomePageTest.java:29)
at TestCases.Guru_HomePageTest.setUp(Guru_HomePageTest.java:29)
at TestCases.Guru_HomePageTest.setUp(Guru_HomePageTest.java:29)
at TestCases.Guru_HomePageTest.setUp(Guru_HomePageTest.java:29)
at TestCases.Guru_HomePageTest.setUp(Guru_HomePageTest.java:29)
at TestCases.Guru_HomePageTest.setUp(Guru_HomePageTest.java:29)
at TestCases.Guru_HomePageTest.setUp(Guru_HomePageTest.java:29)
at TestCases.Guru_HomePageTest.setUp(Guru_HomePageTest.java:29)
at TestCases.Guru_HomePageTest.setUp(Guru_HomePageTest.java:29)
at TestCases.Guru_HomePageTest.setUp(Guru_HomePageTest.java:29)
at TestCases.Guru_HomePageTest.setUp(Guru_HomePageTest.java:29)
at TestCases.Guru_HomePageTest.setUp(Guru_HomePageTest.java:29)
at TestCases.Guru_HomePageTest.setUp(Guru_HomePageTest.java:29)
at TestCases.Guru_HomePageTest.setUp(Guru_HomePageTest.java:29)
at TestCases.Guru_HomePageTest.setUp(Guru_HomePageTest.java:29)
at TestCases.Guru_HomePageTest.setUp(Guru_HomePageTest.java:29)
at TestCases.Guru_HomePageTest.setUp(Guru_HomePageTest.java:29)
at TestCases.Guru_HomePageTest.setUp(Guru_HomePageTest.java:29)
at TestCases.Guru_HomePageTest.setUp(Guru_HomePageTest.java:29)
at TestCases.Guru_HomePageTest.setUp(Guru_HomePageTest.java:29)
at TestCases.Guru_HomePageTest.setUp(Guru_HomePageTest.java:29)
at TestCases.Guru_HomePageTest.setUp(Guru_HomePageTest.java:29)
at TestCases.Guru_HomePageTest.setUp(Guru_HomePageTest.java:29)
at TestCases.Guru_HomePageTest.setUp(Guru_HomePageTest.java:29)
at TestCases.Guru_HomePageTest.setUp(Guru_HomePageTest.java:29)
at TestCases.Guru_HomePageTest.setUp(Guru_HomePageTest.java:29)
at TestCases.Guru_HomePageTest.setUp(Guru_HomePageTest.java:29)
at TestCases.Guru_HomePageTest.setUp(Guru_HomePageTest.java:29)
at TestCases.Guru_HomePageTest.setUp(Guru_HomePageTest.java:29)
at TestCases.Guru_HomePageTest.setUp(Guru_HomePageTest.java:29)
at TestCases.Guru_HomePageTest.setUp(Guru_HomePageTest.java:29)
at TestCases.Guru_HomePageTest.setUp(Guru_HomePageTest.java:29)
at TestCases.Guru_HomePageTest.setUp(Guru_HomePageTest.java:29)
at TestCases.Guru_HomePageTest.setUp(Guru_HomePageTest.java:29)
at TestCases.Guru_HomePageTest.setUp(Guru_HomePageTest.java:29)
at TestCases.Guru_HomePageTest.setUp(Guru_HomePageTest.java:29)
at TestCases.Guru_HomePageTest.setUp(Guru_HomePageTest.java:29)
at TestCases.Guru_HomePageTest.setUp(Guru_HomePageTest.java:29)
at TestCases.Guru_HomePageTest.setUp(Guru_HomePageTest.java:29)
at TestCases.Guru_HomePageTest.setUp(Guru_HomePageTest.java:29)
at TestCases.Guru_HomePageTest.setUp(Guru_HomePageTest.java:29)
at TestCases.Guru_HomePageTest.setUp(Guru_HomePageTest.java:29)
at TestCases.Guru_HomePageTest.setUp(Guru_HomePageTest.java:29)
at TestCases.Guru_HomePageTest.setUp(Guru_HomePageTest.java:29)
at TestCases.Guru_HomePageTest.setUp(Guru_HomePageTest.java:29)
at TestCases.Guru_HomePageTest.setUp(Guru_HomePageTest.java:29)
at TestCases.Guru_HomePageTest.setUp(Guru_HomePageTest.java:29)
at TestCases.Guru_HomePageTest.setUp(Guru_HomePageTest.java:29)
at TestCases.Guru_HomePageTest.setUp(Guru_HomePageTest.java:29)
at TestCases.Guru_HomePageTest.setUp(Guru_HomePageTest.java:29)
at TestCases.Guru_HomePageTest.setUp(Guru_HomePageTest.java:29)
at TestCases.Guru_HomePageTest.setUp(Guru_HomePageTest.java:29)
at TestCases.Guru_HomePageTest.setUp(Guru_HomePageTest.java:29)
at TestCases.Guru_HomePageTest.setUp(Guru_HomePageTest.java:29)
at TestCases.Guru_HomePageTest.setUp(Guru_HomePageTest.java:29)
at TestCases.Guru_HomePageTest.setUp(Guru_HomePageTest.java:29)
at TestCases.Guru_HomePageTest.setUp(Guru_HomePageTest.java:29)
at TestCases.Guru_HomePageTest.setUp(Guru_HomePageTest.java:29)
at TestCases.Guru_HomePageTest.setUp(Guru_HomePageTest.java:29)
at TestCases.Guru_HomePageTest.setUp(Guru_HomePageTest.java:29)
at TestCases.Guru_HomePageTest.setUp(Guru_HomePageTest.java:29)
at TestCases.Guru_HomePageTest.setUp(Guru_HomePageTest.java:29)
at TestCases.Guru_HomePageTest.setUp(Guru_HomePageTest.java:29)
at TestCases.Guru_HomePageTest.setUp(Guru_HomePageTest.java:29)
at TestCases.Guru_HomePageTest.setUp(Guru_HomePageTest.java:29)
at TestCases.Guru_HomePageTest.setUp(Guru_HomePageTest.java:29)
at TestCases.Guru_HomePageTest.setUp(Guru_HomePageTest.java:29)
at TestCases.Guru_HomePageTest.setUp(Guru_HomePageTest.java:29)
at TestCases.Guru_HomePageTest.setUp(Guru_HomePageTest.java:29)
at TestCases.Guru_HomePageTest.setUp(Guru_HomePageTest.java:29)
at TestCases.Guru_HomePageTest.setUp(Guru_HomePageTest.java:29)
at TestCases.Guru_HomePageTest.setUp(Guru_HomePageTest.java:29)
at TestCases.Guru_HomePageTest.setUp(Guru_HomePageTest.java:29)
at TestCases.Guru_HomePageTest.setUp(Guru_HomePageTest.java:29)
at TestCases.Guru_HomePageTest.setUp(Guru_HomePageTest.java:29)
at TestCases.Guru_HomePageTest.setUp(Guru_HomePageTest.java:29)
at TestCases.Guru_HomePageTest.setUp(Guru_HomePageTest.java:29)
at TestCases.Guru_HomePageTest.setUp(Guru_HomePageTest.java:29)
at TestCases.Guru_HomePageTest.setUp(Guru_HomePageTest.java:29)
at TestCases.Guru_HomePageTest.setUp(Guru_HomePageTest.java:29)
at TestCases.Guru_HomePageTest.setUp(Guru_HomePageTest.java:29)
at TestCases.Guru_HomePageTest.setUp(Guru_HomePageTest.java:29)
at TestCases.Guru_HomePageTest.setUp(Guru_HomePageTest.java:29)
at TestCases.Guru_HomePageTest.setUp(Guru_HomePageTest.java:29)
at TestCases.Guru_HomePageTest.setUp(Guru_HomePageTest.java:29)
at TestCases.Guru_HomePageTest.setUp(Guru_HomePageTest.java:29)
at TestCases.Guru_HomePageTest.setUp(Guru_HomePageTest.java:29)
at TestCases.Guru_HomePageTest.setUp(Guru_HomePageTest.java:29)
at TestCases.Guru_HomePageTest.setUp(Guru_HomePageTest.java:29)
at TestCases.Guru_HomePageTest.setUp(Guru_HomePageTest.java:29)
at TestCases.Guru_HomePageTest.setUp(Guru_HomePageTest.java:29)
at TestCases.Guru_HomePageTest.setUp(Guru_HomePageTest.java:29)
at TestCases.Guru_HomePageTest.setUp(Guru_HomePageTest.java:29)
at TestCases.Guru_HomePageTest.setUp(Guru_HomePageTest.java:29)
at TestCases.Guru_HomePageTest.setUp(Guru_HomePageTest.java:29)
at TestCases.Guru_HomePageTest.setUp(Guru_HomePageTest.java:29)
at TestCases.Guru_HomePageTest.setUp(Guru_HomePageTest.java:29)
at TestCases.Guru_HomePageTest.setUp(Guru_HomePageTest.java:29)
at TestCases.Guru_HomePageTest.setUp(Guru_HomePageTest.java:29)
at TestCases.Guru_HomePageTest.setUp(Guru_HomePageTest.java:29)
at TestCases.Guru_HomePageTest.setUp(Guru_HomePageTest.java:29)
at TestCases.Guru_HomePageTest.setUp(Guru_HomePageTest.java:29)
at TestCases.Guru_HomePageTest.setUp(Guru_HomePageTest.java:29)
at TestCases.Guru_HomePageTest.setUp(Guru_HomePageTest.java:29)
at TestCases.Guru_HomePageTest.setUp(Guru_HomePageTest.java:29)
at TestCases.Guru_HomePageTest.setUp(Guru_HomePageTest.java:29)
at TestCases.Guru_HomePageTest.setUp(Guru_HomePageTest.java:29)
at TestCases.Guru_HomePageTest.setUp(Guru_HomePageTest.java:29)
at TestCases.Guru_HomePageTest.setUp(Guru_HomePageTest.java:29)
at TestCases.Guru_HomePageTest.setUp(Guru_HomePageTest.java:29)
at TestCases.Guru_HomePageTest.setUp(Guru_HomePageTest.java:29)
at TestCases.Guru_HomePageTest.setUp(Guru_HomePageTest.java:29)
at TestCases.Guru_HomePageTest.setUp(Guru_HomePageTest.java:29)
at TestCases.Guru_HomePageTest.setUp(Guru_HomePageTest.java:29)
at TestCases.Guru_HomePageTest.setUp(Guru_HomePageTest.java:29)
at TestCases.Guru_HomePageTest.setUp(Guru_HomePageTest.java:29)
at TestCases.Guru_HomePageTest.setUp(Guru_HomePageTest.java:29)
at TestCases.Guru_HomePageTest.setUp(Guru_HomePageTest.java:29)
at TestCases.Guru_HomePageTest.setUp(Guru_HomePageTest.java:29)
at TestCases.Guru_HomePageTest.setUp(Guru_HomePageTest.java:29)
at TestCases.Guru_HomePageTest.setUp(Guru_HomePageTest.java:29)
at TestCases.Guru_HomePageTest.setUp(Guru_HomePageTest.java:29)
at TestCases.Guru_HomePageTest.setUp(Guru_HomePageTest.java:29)
at TestCases.Guru_HomePageTest.setUp(Guru_HomePageTest.java:29)
at TestCases.Guru_HomePageTest.setUp(Guru_HomePageTest.java:29)
at TestCases.Guru_HomePageTest.setUp(Guru_HomePageTest.java:29)
at TestCases.Guru_HomePageTest.setUp(Guru_HomePageTest.java:29)
at TestCases.Guru_HomePageTest.setUp(Guru_HomePageTest.java:29)
at TestCases.Guru_HomePageTest.setUp(Guru_HomePageTest.java:29)
at TestCases.Guru_HomePageTest.setUp(Guru_HomePageTest.java:29)
at TestCases.Guru_HomePageTest.setUp(Guru_HomePageTest.java:29)
at TestCases.Guru_HomePageTest.setUp(Guru_HomePageTest.java:29)
at TestCases.Guru_HomePageTest.setUp(Guru_HomePageTest.java:29)
at TestCases.Guru_HomePageTest.setUp(Guru_HomePageTest.java:29)
at TestCases.Guru_HomePageTest.setUp(Guru_HomePageTest.java:29)
at TestCases.Guru_HomePageTest.setUp(Guru_HomePageTest.java:29)
at TestCases.Guru_HomePageTest.setUp(Guru_HomePageTest.java:29)
at TestCases.Guru_HomePageTest.setUp(Guru_HomePageTest.java:29)
at TestCases.Guru_HomePageTest.setUp(Guru_HomePageTest.java:29)
at TestCases.Guru_HomePageTest.setUp(Guru_HomePageTest.java:29)
at TestCases.Guru_HomePageTest.setUp(Guru_HomePageTest.java:29)
at TestCases.Guru_HomePageTest.setUp(Guru_HomePageTest.java:29)
at TestCases.Guru_HomePageTest.setUp(Guru_HomePageTest.java:29)
at TestCases.Guru_HomePageTest.setUp(Guru_HomePageTest.java:29)
at TestCases.Guru_HomePageTest.setUp(Guru_HomePageTest.java:29)
at TestCases.Guru_HomePageTest.setUp(Guru_HomePageTest.java:29)
at TestCases.Guru_HomePageTest.setUp(Guru_HomePageTest.java:29)
at TestCases.Guru_HomePageTest.setUp(Guru_HomePageTest.java:29)
at TestCases.Guru_HomePageTest.setUp(Guru_HomePageTest.java:29)
at TestCases.Guru_HomePageTest.setUp(Guru_HomePageTest.java:29)
at TestCases.Guru_HomePageTest.setUp(Guru_HomePageTest.java:29)
at TestCases.Guru_HomePageTest.setUp(Guru_HomePageTest.java:29)
at TestCases.Guru_HomePageTest.setUp(Guru_HomePageTest.java:29)
at TestCases.Guru_HomePageTest.setUp(Guru_HomePageTest.java:29)
at TestCases.Guru_HomePageTest.setUp(Guru_HomePageTest.java:29)
at TestCases.Guru_HomePageTest.setUp(Guru_HomePageTest.java:29)
at TestCases.Guru_HomePageTest.setUp(Guru_HomePageTest.java:29)
at TestCases.Guru_HomePageTest.setUp(Guru_HomePageTest.java:29)
at TestCases.Guru_HomePageTest.setUp(Guru_HomePageTest.java:29)
at TestCases.Guru_HomePageTest.setUp(Guru_HomePageTest.java:29)
at TestCases.Guru_HomePageTest.setUp(Guru_HomePageTest.java:29)
at TestCases.Guru_HomePageTest.setUp(Guru_HomePageTest.java:29)
at TestCases.Guru_HomePageTest.setUp(Guru_HomePageTest.java:29)
at TestCases.Guru_HomePageTest.setUp(Guru_HomePageTest.java:29)
at TestCases.Guru_HomePageTest.setUp(Guru_HomePageTest.java:29)
at TestCases.Guru_HomePageTest.setUp(Guru_HomePageTest.java:29)
at TestCases.Guru_HomePageTest.setUp(Guru_HomePageTest.java:29)
at TestCases.Guru_HomePageTest.setUp(Guru_HomePageTest.java:29)
at TestCases.Guru_HomePageTest.setUp(Guru_HomePageTest.java:29)
at TestCases.Guru_HomePageTest.setUp(Guru_HomePageTest.java:29)
at TestCases.Guru_HomePageTest.setUp(Guru_HomePageTest.java:29)
at TestCases.Guru_HomePageTest.setUp(Guru_HomePageTest.java:29)
at TestCases.Guru_HomePageTest.setUp(Guru_HomePageTest.java:29)
at TestCases.Guru_HomePageTest.setUp(Guru_HomePageTest.java:29)
at TestCases.Guru_HomePageTest.setUp(Guru_HomePageTest.java:29)
at TestCases.Guru_HomePageTest.setUp(Guru_HomePageTest.java:29)
at TestCases.Guru_HomePageTest.setUp(Guru_HomePageTest.java:29)
at TestCases.Guru_HomePageTest.setUp(Guru_HomePageTest.java:29)
at TestCases.Guru_HomePageTest.setUp(Guru_HomePageTest.java:29)
at TestCases.Guru_HomePageTest.setUp(Guru_HomePageTest.java:29)
at TestCases.Guru_HomePageTest.setUp(Guru_HomePageTest.java:29)
at TestCases.Guru_HomePageTest.setUp(Guru_HomePageTest.java:29)
at TestCases.Guru_HomePageTest.setUp(Guru_HomePageTest.java:29)
at TestCases.Guru_HomePageTest.setUp(Guru_HomePageTest.java:29)
at TestCases.Guru_HomePageTest.setUp(Guru_HomePageTest.java:29)
at TestCases.Guru_HomePageTest.setUp(Guru_HomePageTest.java:29)
at TestCases.Guru_HomePageTest.setUp(Guru_HomePageTest.java:29)
at TestCases.Guru_HomePageTest.setUp(Guru_HomePageTest.java:29)
at TestCases.Guru_HomePageTest.setUp(Guru_HomePageTest.java:29)
at TestCases.Guru_HomePageTest.setUp(Guru_HomePageTest.java:29)
at TestCases.Guru_HomePageTest.setUp(Guru_HomePageTest.java:29)
at TestCases.Guru_HomePageTest.setUp(Guru_HomePageTest.java:29)
at TestCases.Guru_HomePageTest.setUp(Guru_HomePageTest.java:29)
at TestCases.Guru_HomePageTest.setUp(Guru_HomePageTest.java:29)
at TestCases.Guru_HomePageTest.setUp(Guru_HomePageTest.java:29)
at TestCases.Guru_HomePageTest.setUp(Guru_HomePageTest.java:29)
at TestCases.Guru_HomePageTest.setUp(Guru_HomePageTest.java:29)
at TestCases.Guru_HomePageTest.setUp(Guru_HomePageTest.java:29)
at TestCases.Guru_HomePageTest.setUp(Guru_HomePageTest.java:29)
at TestCases.Guru_HomePageTest.setUp(Guru_HomePageTest.java:29)
at TestCases.Guru_HomePageTest.setUp(Guru_HomePageTest.java:29)
at TestCases.Guru_HomePageTest.setUp(Guru_HomePageTest.java:29)
at TestCases.Guru_HomePageTest.setUp(Guru_HomePageTest.java:29)
at TestCases.Guru_HomePageTest.setUp(Guru_HomePageTest.java:29)
at TestCases.Guru_HomePageTest.setUp(Guru_HomePageTest.java:29)
at TestCases.Guru_HomePageTest.setUp(Guru_HomePageTest.java:29)
at TestCases.Guru_HomePageTest.setUp(Guru_HomePageTest.java:29)
at TestCases.Guru_HomePageTest.setUp(Guru_HomePageTest.java:29)
at TestCases.Guru_HomePageTest.setUp(Guru_HomePageTest.java:29)
at TestCases.Guru_HomePageTest.setUp(Guru_HomePageTest.java:29)
at TestCases.Guru_HomePageTest.setUp(Guru_HomePageTest.java:29)
at TestCases.Guru_HomePageTest.setUp(Guru_HomePageTest.java:29)
at TestCases.Guru_HomePageTest.setUp(Guru_HomePageTest.java:29)
at TestCases.Guru_HomePageTest.setUp(Guru_HomePageTest.java:29)
at TestCases.Guru_HomePageTest.setUp(Guru_HomePageTest.java:29)
at TestCases.Guru_HomePageTest.setUp(Guru_HomePageTest.java:29)
at TestCases.Guru_HomePageTest.setUp(Guru_HomePageTest.java:29)
at TestCases.Guru_HomePageTest.setUp(Guru_HomePageTest.java:29)
at TestCases.Guru_HomePageTest.setUp(Guru_HomePageTest.java:29)
at TestCases.Guru_HomePageTest.setUp(Guru_HomePageTest.java:29)
at TestCases.Guru_HomePageTest.setUp(Guru_HomePageTest.java:29)
at TestCases.Guru_HomePageTest.setUp(Guru_HomePageTest.java:29)
at TestCases.Guru_HomePageTest.setUp(Guru_HomePageTest.java:29)
at TestCases.Guru_HomePageTest.setUp(Guru_HomePageTest.java:29)
at TestCases.Guru_HomePageTest.setUp(Guru_HomePageTest.java:29)
at TestCases.Guru_HomePageTest.setUp(Guru_HomePageTest.java:29)
at TestCases.Guru_HomePageTest.setUp(Guru_HomePageTest.java:29)
at TestCases.Guru_HomePageTest.setUp(Guru_HomePageTest.java:29)
at TestCases.Guru_HomePageTest.setUp(Guru_HomePageTest.java:29)
at TestCases.Guru_HomePageTest.setUp(Guru_HomePageTest.java:29)
at TestCases.Guru_HomePageTest.setUp(Guru_HomePageTest.java:29)
at TestCases.Guru_HomePageTest.setUp(Guru_HomePageTest.java:29)
at TestCases.Guru_HomePageTest.setUp(Guru_HomePageTest.java:29)
at TestCases.Guru_HomePageTest.setUp(Guru_HomePageTest.java:29)
at TestCases.Guru_HomePageTest.setUp(Guru_HomePageTest.java:29)
at TestCases.Guru_HomePageTest.setUp(Guru_HomePageTest.java:29)
at TestCases.Guru_HomePageTest.setUp(Guru_HomePageTest.java:29)
at TestCases.Guru_HomePageTest.setUp(Guru_HomePageTest.java:29)
at TestCases.Guru_HomePageTest.setUp(Guru_HomePageTest.java:29)
at TestCases.Guru_HomePageTest.setUp(Guru_HomePageTest.java:29)
at TestCases.Guru_HomePageTest.setUp(Guru_HomePageTest.java:29)
at TestCases.Guru_HomePageTest.setUp(Guru_HomePageTest.java:29)
at TestCases.Guru_HomePageTest.setUp(Guru_HomePageTest.java:29)
at TestCases.Guru_HomePageTest.setUp(Guru_HomePageTest.java:29)
at TestCases.Guru_HomePageTest.setUp(Guru_HomePageTest.java:29)
at TestCases.Guru_HomePageTest.setUp(Guru_HomePageTest.java:29)
at TestCases.Guru_HomePageTest.setUp(Guru_HomePageTest.java:29)
at TestCases.Guru_HomePageTest.setUp(Guru_HomePageTest.java:29)
at TestCases.Guru_HomePageTest.setUp(Guru_HomePageTest.java:29)
at TestCases.Guru_HomePageTest.setUp(Guru_HomePageTest.java:29)
at TestCases.Guru_HomePageTest.setUp(Guru_HomePageTest.java:29)
at TestCases.Guru_HomePageTest.setUp(Guru_HomePageTest.java:29)
at TestCases.Guru_HomePageTest.setUp(Guru_HomePageTest.java:29)
at TestCases.Guru_HomePageTest.setUp(Guru_HomePageTest.java:29)
at TestCases.Guru_HomePageTest.setUp(Guru_HomePageTest.java:29)
at TestCases.Guru_HomePageTest.setUp(Guru_HomePageTest.java:29)
at TestCases.Guru_HomePageTest.setUp(Guru_HomePageTest.java:29)
at TestCases.Guru_HomePageTest.setUp(Guru_HomePageTest.java:29)
at TestCases.Guru_HomePageTest.setUp(Guru_HomePageTest.java:29)
at TestCases.Guru_HomePageTest.setUp(Guru_HomePageTest.java:29)
at TestCases.Guru_HomePageTest.setUp(Guru_HomePageTest.java:29)
at TestCases.Guru_HomePageTest.setUp(Guru_HomePageTest.java:29)
at TestCases.Guru_HomePageTest.setUp(Guru_HomePageTest.java:29)
at TestCases.Guru_HomePageTest.setUp(Guru_HomePageTest.java:29)
at TestCases.Guru_HomePageTest.setUp(Guru_HomePageTest.java:29)
at TestCases.Guru_HomePageTest.setUp(Guru_HomePageTest.java:29)
at TestCases.Guru_HomePageTest.setUp(Guru_HomePageTest.java:29)
at TestCases.Guru_HomePageTest.setUp(Guru_HomePageTest.java:29)
at TestCases.Guru_HomePageTest.setUp(Guru_HomePageTest.java:29)
at TestCases.Guru_HomePageTest.setUp(Guru_HomePageTest.java:29)
at TestCases.Guru_HomePageTest.setUp(Guru_HomePageTest.java:29)
at TestCases.Guru_HomePageTest.setUp(Guru_HomePageTest.java:29)
at TestCases.Guru_HomePageTest.setUp(Guru_HomePageTest.java:29)
at TestCases.Guru_HomePageTest.setUp(Guru_HomePageTest.java:29)
at TestCases.Guru_HomePageTest.setUp(Guru_HomePageTest.java:29)
at TestCases.Guru_HomePageTest.setUp(Guru_HomePageTest.java:29)
at TestCases.Guru_HomePageTest.setUp(Guru_HomePageTest.java:29)
at TestCases.Guru_HomePageTest.setUp(Guru_HomePageTest.java:29)
at TestCases.Guru_HomePageTest.setUp(Guru_HomePageTest.java:29)
at TestCases.Guru_HomePageTest.setUp(Guru_HomePageTest.java:29)
at TestCases.Guru_HomePageTest.setUp(Guru_HomePageTest.java:29)
at TestCases.Guru_HomePageTest.setUp(Guru_HomePageTest.java:29)
at TestCases.Guru_HomePageTest.setUp(Guru_HomePageTest.java:29)
at TestCases.Guru_HomePageTest.setUp(Guru_HomePageTest.java:29)
at TestCases.Guru_HomePageTest.setUp(Guru_HomePageTest.java:29)
at TestCases.Guru_HomePageTest.setUp(Guru_HomePageTest.java:29)
at TestCases.Guru_HomePageTest.setUp(Guru_HomePageTest.java:29)
at TestCases.Guru_HomePageTest.setUp(Guru_HomePageTest.java:29)
at TestCases.Guru_HomePageTest.setUp(Guru_HomePageTest.java:29)
at TestCases.Guru_HomePageTest.setUp(Guru_HomePageTest.java:29)
at TestCases.Guru_HomePageTest.setUp(Guru_HomePageTest.java:29)
at TestCases.Guru_HomePageTest.setUp(Guru_HomePageTest.java:29)
at TestCases.Guru_HomePageTest.setUp(Guru_HomePageTest.java:29)
at TestCases.Guru_HomePageTest.setUp(Guru_HomePageTest.java:29)
at TestCases.Guru_HomePageTest.setUp(Guru_HomePageTest.java:29)
at TestCases.Guru_HomePageTest.setUp(Guru_HomePageTest.java:29)
at TestCases.Guru_HomePageTest.setUp(Guru_HomePageTest.java:29)
at TestCases.Guru_HomePageTest.setUp(Guru_HomePageTest.java:29)
at TestCases.Guru_HomePageTest.setUp(Guru_HomePageTest.java:29)
at TestCases.Guru_HomePageTest.setUp(Guru_HomePageTest.java:29)
at TestCases.Guru_HomePageTest.setUp(Guru_HomePageTest.java:29)
at TestCases.Guru_HomePageTest.setUp(Guru_HomePageTest.java:29)
at TestCases.Guru_HomePageTest.setUp(Guru_HomePageTest.java:29)
at TestCases.Guru_HomePageTest.setUp(Guru_HomePageTest.java:29)
at TestCases.Guru_HomePageTest.setUp(Guru_HomePageTest.java:29)
at TestCases.Guru_HomePageTest.setUp(Guru_HomePageTest.java:29)
at TestCases.Guru_HomePageTest.setUp(Guru_HomePageTest.java:29)
at TestCases.Guru_HomePageTest.setUp(Guru_HomePageTest.java:29)
at TestCases.Guru_HomePageTest.setUp(Guru_HomePageTest.java:29)
at TestCases.Guru_HomePageTest.setUp(Guru_HomePageTest.java:29)
at TestCases.Guru_HomePageTest.setUp(Guru_HomePageTest.java:29)
at TestCases.Guru_HomePageTest.setUp(Guru_HomePageTest.java:29)
at TestCases.Guru_HomePageTest.setUp(Guru_HomePageTest.java:29)
at TestCases.Guru_HomePageTest.setUp(Guru_HomePageTest.java:29)
at TestCases.Guru_HomePageTest.setUp(Guru_HomePageTest.java:29)
at TestCases.Guru_HomePageTest.setUp(Guru_HomePageTest.java:29)
at TestCases.Guru_HomePageTest.setUp(Guru_HomePageTest.java:29)
at TestCases.Guru_HomePageTest.setUp(Guru_HomePageTest.java:29)
at TestCases.Guru_HomePageTest.setUp(Guru_HomePageTest.java:29)
at TestCases.Guru_HomePageTest.setUp(Guru_HomePageTest.java:29)
at TestCases.Guru_HomePageTest.setUp(Guru_HomePageTest.java:29)
at TestCases.Guru_HomePageTest.setUp(Guru_HomePageTest.java:29)
at TestCases.Guru_HomePageTest.setUp(Guru_HomePageTest.java:29)
at TestCases.Guru_HomePageTest.setUp(Guru_HomePageTest.java:29)
at TestCases.Guru_HomePageTest.setUp(Guru_HomePageTest.java:29)
at TestCases.Guru_HomePageTest.setUp(Guru_HomePageTest.java:29)
at TestCases.Guru_HomePageTest.setUp(Guru_HomePageTest.java:29)
at TestCases.Guru_HomePageTest.setUp(Guru_HomePageTest.java:29)
at TestCases.Guru_HomePageTest.setUp(Guru_HomePageTest.java:29)
at TestCases.Guru_HomePageTest.setUp(Guru_HomePageTest.java:29)
at TestCases.Guru_HomePageTest.setUp(Guru_HomePageTest.java:29)
at TestCases.Guru_HomePageTest.setUp(Guru_HomePageTest.java:29)
at TestCases.Guru_HomePageTest.setUp(Guru_HomePageTest.java:29)
at TestCases.Guru_HomePageTest.setUp(Guru_HomePageTest.java:29)
at TestCases.Guru_HomePageTest.setUp(Guru_HomePageTest.java:29)
at TestCases.Guru_HomePageTest.setUp(Guru_HomePageTest.java:29)
at TestCases.Guru_HomePageTest.setUp(Guru_HomePageTest.java:29)
at TestCases.Guru_HomePageTest.setUp(Guru_HomePageTest.java:29)
at TestCases.Guru_HomePageTest.setUp(Guru_HomePageTest.java:29)
at TestCases.Guru_HomePageTest.setUp(Guru_HomePageTest.java:29)
at TestCases.Guru_HomePageTest.setUp(Guru_HomePageTest.java:29)
at TestCases.Guru_HomePageTest.setUp(Guru_HomePageTest.java:29)
at TestCases.Guru_HomePageTest.setUp(Guru_HomePageTest.java:29)
at TestCases.Guru_HomePageTest.setUp(Guru_HomePageTest.java:29)
at TestCases.Guru_HomePageTest.setUp(Guru_HomePageTest.java:29)
at TestCases.Guru_HomePageTest.setUp(Guru_HomePageTest.java:29)
at TestCases.Guru_HomePageTest.setUp(Guru_HomePageTest.java:29)
at TestCases.Guru_HomePageTest.setUp(Guru_HomePageTest.java:29)
at TestCases.Guru_HomePageTest.setUp(Guru_HomePageTest.java:29)
at TestCases.Guru_HomePageTest.setUp(Guru_HomePageTest.java:29)
at TestCases.Guru_HomePageTest.setUp(Guru_HomePageTest.java:29)
at TestCases.Guru_HomePageTest.setUp(Guru_HomePageTest.java:29)
at TestCases.Guru_HomePageTest.setUp(Guru_HomePageTest.java:29)
at TestCases.Guru_HomePageTest.setUp(Guru_HomePageTest.java:29)
at TestCases.Guru_HomePageTest.setUp(Guru_HomePageTest.java:29)
at TestCases.Guru_HomePageTest.setUp(Guru_HomePageTest.java:29)
at TestCases.Guru_HomePageTest.setUp(Guru_HomePageTest.java:29)
at TestCases.Guru_HomePageTest.setUp(Guru_HomePageTest.java:29)
at TestCases.Guru_HomePageTest.setUp(Guru_HomePageTest.java:29)
at TestCases.Guru_HomePageTest.setUp(Guru_HomePageTest.java:29)
at TestCases.Guru_HomePageTest.setUp(Guru_HomePageTest.java:29)
at TestCases.Guru_HomePageTest.setUp(Guru_HomePageTest.java:29)
at TestCases.Guru_HomePageTest.setUp(Guru_HomePageTest.java:29)
at TestCases.Guru_HomePageTest.setUp(Guru_HomePageTest.java:29)
at TestCases.Guru_HomePageTest.setUp(Guru_HomePageTest.java:29)
at TestCases.Guru_HomePageTest.setUp(Guru_HomePageTest.java:29)
at TestCases.Guru_HomePageTest.setUp(Guru_HomePageTest.java:29)
at TestCases.Guru_HomePageTest.setUp(Guru_HomePageTest.java:29)
at TestCases.Guru_HomePageTest.setUp(Guru_HomePageTest.java:29)
at TestCases.Guru_HomePageTest.setUp(Guru_HomePageTest.java:29)
at TestCases.Guru_HomePageTest.setUp(Guru_HomePageTest.java:29)
at TestCases.Guru_HomePageTest.setUp(Guru_HomePageTest.java:29)
at TestCases.Guru_HomePageTest.setUp(Guru_HomePageTest.java:29)
at TestCases.Guru_HomePageTest.setUp(Guru_HomePageTest.java:29)
at TestCases.Guru_HomePageTest.setUp(Guru_HomePageTest.java:29)
at TestCases.Guru_HomePageTest.setUp(Guru_HomePageTest.java:29)
at TestCases.Guru_HomePageTest.setUp(Guru_HomePageTest.java:29)
at TestCases.Guru_HomePageTest.setUp(Guru_HomePageTest.java:29)
at TestCases.Guru_HomePageTest.setUp(Guru_HomePageTest.java:29)
at TestCases.Guru_HomePageTest.setUp(Guru_HomePageTest.java:29)
at TestCases.Guru_HomePageTest.setUp(Guru_HomePageTest.java:29)
at TestCases.Guru_HomePageTest.setUp(Guru_HomePageTest.java:29)
at TestCases.Guru_HomePageTest.setUp(Guru_HomePageTest.java:29)
at TestCases.Guru_HomePageTest.setUp(Guru_HomePageTest.java:29)
at TestCases.Guru_HomePageTest.setUp(Guru_HomePageTest.java:29)
at TestCases.Guru_HomePageTest.setUp(Guru_HomePageTest.java:29)
at TestCases.Guru_HomePageTest.setUp(Guru_HomePageTest.java:29)
at TestCases.Guru_HomePageTest.setUp(Guru_HomePageTest.java:29)
at TestCases.Guru_HomePageTest.setUp(Guru_HomePageTest.java:29)
at TestCases.Guru_HomePageTest.setUp(Guru_HomePageTest.java:29)
at TestCases.Guru_HomePageTest.setUp(Guru_HomePageTest.java:29)
at TestCases.Guru_HomePageTest.setUp(Guru_HomePageTest.java:29)
at TestCases.Guru_HomePageTest.setUp(Guru_HomePageTest.java:29)
at TestCases.Guru_HomePageTest.setUp(Guru_HomePageTest.java:29)
at TestCases.Guru_HomePageTest.setUp(Guru_HomePageTest.java:29)
at TestCases.Guru_HomePageTest.setUp(Guru_HomePageTest.java:29)
at TestCases.Guru_HomePageTest.setUp(Guru_HomePageTest.java:29)
at TestCases.Guru_HomePageTest.setUp(Guru_HomePageTest.java:29)
at TestCases.Guru_HomePageTest.setUp(Guru_HomePageTest.java:29)
at TestCases.Guru_HomePageTest.setUp(Guru_HomePageTest.java:29)
at TestCases.Guru_HomePageTest.setUp(Guru_HomePageTest.java:29)
at TestCases.Guru_HomePageTest.setUp(Guru_HomePageTest.java:29)
at TestCases.Guru_HomePageTest.setUp(Guru_HomePageTest.java:29)
at TestCases.Guru_HomePageTest.setUp(Guru_HomePageTest.java:29)
at TestCases.Guru_HomePageTest.setUp(Guru_HomePageTest.java:29)
at TestCases.Guru_HomePageTest.setUp(Guru_HomePageTest.java:29)
at TestCases.Guru_HomePageTest.setUp(Guru_HomePageTest.java:29)
at TestCases.Guru_HomePageTest.setUp(Guru_HomePageTest.java:29)
at TestCases.Guru_HomePageTest.setUp(Guru_HomePageTest.java:29)
at TestCases.Guru_HomePageTest.setUp(Guru_HomePageTest.java:29)
at TestCases.Guru_HomePageTest.setUp(Guru_HomePageTest.java:29)
at TestCases.Guru_HomePageTest.setUp(Guru_HomePageTest.java:29)
at TestCases.Guru_HomePageTest.setUp(Guru_HomePageTest.java:29)
at TestCases.Guru_HomePageTest.setUp(Guru_HomePageTest.java:29)
at TestCases.Guru_HomePageTest.setUp(Guru_HomePageTest.java:29)
at TestCases.Guru_HomePageTest.setUp(Guru_HomePageTest.java:29)
at TestCases.Guru_HomePageTest.setUp(Guru_HomePageTest.java:29)
at TestCases.Guru_HomePageTest.setUp(Guru_HomePageTest.java:29)
at TestCases.Guru_HomePageTest.setUp(Guru_HomePageTest.java:29)
at TestCases.Guru_HomePageTest.setUp(Guru_HomePageTest.java:29)
at TestCases.Guru_HomePageTest.setUp(Guru_HomePageTest.java:29)
at TestCases.Guru_HomePageTest.setUp(Guru_HomePageTest.java:29)
at TestCases.Guru_HomePageTest.setUp(Guru_HomePageTest.java:29)
at TestCases.Guru_HomePageTest.setUp(Guru_HomePageTest.java:29)
at TestCases.Guru_HomePageTest.setUp(Guru_HomePageTest.java:29)
at TestCases.Guru_HomePageTest.setUp(Guru_HomePageTest.java:29)
at TestCases.Guru_HomePageTest.setUp(Guru_HomePageTest.java:29)
at TestCases.Guru_HomePageTest.setUp(Guru_HomePageTest.java:29)
at TestCases.Guru_HomePageTest.setUp(Guru_HomePageTest.java:29)
at TestCases.Guru_HomePageTest.setUp(Guru_HomePageTest.java:29)
at TestCases.Guru_HomePageTest.setUp(Guru_HomePageTest.java:29)
at TestCases.Guru_HomePageTest.setUp(Guru_HomePageTest.java:29)
at TestCases.Guru_HomePageTest.setUp(Guru_HomePageTest.java:29)
at TestCases.Guru_HomePageTest.setUp(Guru_HomePageTest.java:29)
at TestCases.Guru_HomePageTest.setUp(Guru_HomePageTest.java:29)
at TestCases.Guru_HomePageTest.setUp(Guru_HomePageTest.java:29)
at TestCases.Guru_HomePageTest.setUp(Guru_HomePageTest.java:29)
at TestCases.Guru_HomePageTest.setUp(Guru_HomePageTest.java:29)
at TestCases.Guru_HomePageTest.setUp(Guru_HomePageTest.java:29)
at TestCases.Guru_HomePageTest.setUp(Guru_HomePageTest.java:29)
at TestCases.Guru_HomePageTest.setUp(Guru_HomePageTest.java:29)
at TestCases.Guru_HomePageTest.setUp(Guru_HomePageTest.java:29)
at TestCases.Guru_HomePageTest.setUp(Guru_HomePageTest.java:29)
at TestCases.Guru_HomePageTest.setUp(Guru_HomePageTest.java:29)
at TestCases.Guru_HomePageTest.setUp(Guru_HomePageTest.java:29)
at TestCases.Guru_HomePageTest.setUp(Guru_HomePageTest.java:29)
at TestCases.Guru_HomePageTest.setUp(Guru_HomePageTest.java:29)
at TestCases.Guru_HomePageTest.setUp(Guru_HomePageTest.java:29)
at TestCases.Guru_HomePageTest.setUp(Guru_HomePageTest.java:29)
at TestCases.Guru_HomePageTest.setUp(Guru_HomePageTest.java:29)
at TestCases.Guru_HomePageTest.setUp(Guru_HomePageTest.java:29)
at TestCases.Guru_HomePageTest.setUp(Guru_HomePageTest.java:29)
at TestCases.Guru_HomePageTest.setUp(Guru_HomePageTest.java:29)
at TestCases.Guru_HomePageTest.setUp(Guru_HomePageTest.java:29)
at TestCases.Guru_HomePageTest.setUp(Guru_HomePageTest.java:29)
at TestCases.Guru_HomePageTest.setUp(Guru_HomePageTest.java:29)
at TestCases.Guru_HomePageTest.setUp(Guru_HomePageTest.java:29)
at TestCases.Guru_HomePageTest.setUp(Guru_HomePageTest.java:29)
at TestCases.Guru_HomePageTest.setUp(Guru_HomePageTest.java:29)
at TestCases.Guru_HomePageTest.setUp(Guru_HomePageTest.java:29)
at TestCases.Guru_HomePageTest.setUp(Guru_HomePageTest.java:29)
at TestCases.Guru_HomePageTest.setUp(Guru_HomePageTest.java:29)
at TestCases.Guru_HomePageTest.setUp(Guru_HomePageTest.java:29)
at TestCases.Guru_HomePageTest.setUp(Guru_HomePageTest.java:29)
at TestCases.Guru_HomePageTest.setUp(Guru_HomePageTest.java:29)
at TestCases.Guru_HomePageTest.setUp(Guru_HomePageTest.java:29)
at TestCases.Guru_HomePageTest.setUp(Guru_HomePageTest.java:29)
at TestCases.Guru_HomePageTest.setUp(Guru_HomePageTest.java:29)
at TestCases.Guru_HomePageTest.setUp(Guru_HomePageTest.java:29)
at TestCases.Guru_HomePageTest.setUp(Guru_HomePageTest.java:29)
at TestCases.Guru_HomePageTest.setUp(Guru_HomePageTest.java:29)
at TestCases.Guru_HomePageTest.setUp(Guru_HomePageTest.java:29)
at TestCases.Guru_HomePageTest.setUp(Guru_HomePageTest.java:29)
at TestCases.Guru_HomePageTest.setUp(Guru_HomePageTest.java:29)
at TestCases.Guru_HomePageTest.setUp(Guru_HomePageTest.java:29)
at TestCases.Guru_HomePageTest.setUp(Guru_HomePageTest.java:29)
at TestCases.Guru_HomePageTest.setUp(Guru_HomePageTest.java:29)
at TestCases.Guru_HomePageTest.setUp(Guru_HomePageTest.java:29)
at TestCases.Guru_HomePageTest.setUp(Guru_HomePageTest.java:29)
at TestCases.Guru_HomePageTest.setUp(Guru_HomePageTest.java:29)
at TestCases.Guru_HomePageTest.setUp(Guru_HomePageTest.java:29)
at TestCases.Guru_HomePageTest.setUp(Guru_HomePageTest.java:29)
at TestCases.Guru_HomePageTest.setUp(Guru_HomePageTest.java:29)
at TestCases.Guru_HomePageTest.setUp(Guru_HomePageTest.java:29)
at TestCases.Guru_HomePageTest.setUp(Guru_HomePageTest.java:29)
at TestCases.Guru_HomePageTest.setUp(Guru_HomePageTest.java:29)
at TestCases.Guru_HomePageTest.setUp(Guru_HomePageTest.java:29)
at TestCases.Guru_HomePageTest.setUp(Guru_HomePageTest.java:29)
at TestCases.Guru_HomePageTest.setUp(Guru_HomePageTest.java:29)
at TestCases.Guru_HomePageTest.setUp(Guru_HomePageTest.java:29)
at TestCases.Guru_HomePageTest.setUp(Guru_HomePageTest.java:29)
at TestCases.Guru_HomePageTest.setUp(Guru_HomePageTest.java:29)
at TestCases.Guru_HomePageTest.setUp(Guru_HomePageTest.java:29)
at TestCases.Guru_HomePageTest.setUp(Guru_HomePageTest.java:29)
at TestCases.Guru_HomePageTest.setUp(Guru_HomePageTest.java:29)
at TestCases.Guru_HomePageTest.setUp(Guru_HomePageTest.java:29)
at TestCases.Guru_HomePageTest.setUp(Guru_HomePageTest.java:29)
at TestCases.Guru_HomePageTest.setUp(Guru_HomePageTest.java:29)
at TestCases.Guru_HomePageTest.setUp(Guru_HomePageTest.java:29)
at TestCases.Guru_HomePageTest.setUp(Guru_HomePageTest.java:29)
at TestCases.Guru_HomePageTest.setUp(Guru_HomePageTest.java:29)
at TestCases.Guru_HomePageTest.setUp(Guru_HomePageTest.java:29)
at TestCases.Guru_HomePageTest.setUp(Guru_HomePageTest.java:29)
at TestCases.Guru_HomePageTest.setUp(Guru_HomePageTest.java:29)
at TestCases.Guru_HomePageTest.setUp(Guru_HomePageTest.java:29)
at TestCases.Guru_HomePageTest.setUp(Guru_HomePageTest.java:29)
at TestCases.Guru_HomePageTest.setUp(Guru_HomePageTest.java:29)
at TestCases.Guru_HomePageTest.setUp(Guru_HomePageTest.java:29)
at TestCases.Guru_HomePageTest.setUp(Guru_HomePageTest.java:29)
at TestCases.Guru_HomePageTest.setUp(Guru_HomePageTest.java:29)
at TestCases.Guru_HomePageTest.setUp(Guru_HomePageTest.java:29)
at TestCases.Guru_HomePageTest.setUp(Guru_HomePageTest.java:29)
at TestCases.Guru_HomePageTest.setUp(Guru_HomePageTest.java:29)
at TestCases.Guru_HomePageTest.setUp(Guru_HomePageTest.java:29)
at TestCases.Guru_HomePageTest.setUp(Guru_HomePageTest.java:29)
at TestCases.Guru_HomePageTest.setUp(Guru_HomePageTest.java:29)
at TestCases.Guru_HomePageTest.setUp(Guru_HomePageTest.java:29)
at TestCases.Guru_HomePageTest.setUp(Guru_HomePageTest.java:29)
at TestCases.Guru_HomePageTest.setUp(Guru_HomePageTest.java:29)
at TestCases.Guru_HomePageTest.setUp(Guru_HomePageTest.java:29)
at TestCases.Guru_HomePageTest.setUp(Guru_HomePageTest.java:29)
at TestCases.Guru_HomePageTest.setUp(Guru_HomePageTest.java:29)
at TestCases.Guru_HomePageTest.setUp(Guru_HomePageTest.java:29)
at TestCases.Guru_HomePageTest.setUp(Guru_HomePageTest.java:29)
at TestCases.Guru_HomePageTest.setUp(Guru_HomePageTest.java:29)
at TestCases.Guru_HomePageTest.setUp(Guru_HomePageTest.java:29)
at TestCases.Guru_HomePageTest.setUp(Guru_HomePageTest.java:29)
at TestCases.Guru_HomePageTest.setUp(Guru_HomePageTest.java:29)
at TestCases.Guru_HomePageTest.setUp(Guru_HomePageTest.java:29)
at TestCases.Guru_HomePageTest.setUp(Guru_HomePageTest.java:29)
at TestCases.Guru_HomePageTest.setUp(Guru_HomePageTest.java:29)
at TestCases.Guru_HomePageTest.setUp(Guru_HomePageTest.java:29)
at TestCases.Guru_HomePageTest.setUp(Guru_HomePageTest.java:29)
at TestCases.Guru_HomePageTest.setUp(Guru_HomePageTest.java:29)
at TestCases.Guru_HomePageTest.setUp(Guru_HomePageTest.java:29)
at TestCases.Guru_HomePageTest.setUp(Guru_HomePageTest.java:29)
at TestCases.Guru_HomePageTest.setUp(Guru_HomePageTest.java:29)
at TestCases.Guru_HomePageTest.setUp(Guru_HomePageTest.java:29)
at TestCases.Guru_HomePageTest.setUp(Guru_HomePageTest.java:29)
at TestCases.Guru_HomePageTest.setUp(Guru_HomePageTest.java:29)
at TestCases.Guru_HomePageTest.setUp(Guru_HomePageTest.java:29)
at TestCases.Guru_HomePageTest.setUp(Guru_HomePageTest.java:29)
at TestCases.Guru_HomePageTest.setUp(Guru_HomePageTest.java:29)
at TestCases.Guru_HomePageTest.setUp(Guru_HomePageTest.java:29)
at TestCases.Guru_HomePageTest.setUp(Guru_HomePageTest.java:29)
at TestCases.Guru_HomePageTest.setUp(Guru_HomePageTest.java:29)
at TestCases.Guru_HomePageTest.setUp(Guru_HomePageTest.java:29)
at TestCases.Guru_HomePageTest.setUp(Guru_HomePageTest.java:29)
at TestCases.Guru_HomePageTest.setUp(Guru_HomePageTest.java:29)
at TestCases.Guru_HomePageTest.setUp(Guru_HomePageTest.java:29)
at TestCases.Guru_HomePageTest.setUp(Guru_HomePageTest.java:29)
at TestCases.Guru_HomePageTest.setUp(Guru_HomePageTest.java:29)
at TestCases.Guru_HomePageTest.setUp(Guru_HomePageTest.java:29)
at TestCases.Guru_HomePageTest.setUp(Guru_HomePageTest.java:29)
at TestCases.Guru_HomePageTest.setUp(Guru_HomePageTest.java:29)
at TestCases.Guru_HomePageTest.setUp(Guru_HomePageTest.java:29)
at TestCases.Guru_HomePageTest.setUp(Guru_HomePageTest.java:29)
at TestCases.Guru_HomePageTest.setUp(Guru_HomePageTest.java:29)
at TestCases.Guru_HomePageTest.setUp(Guru_HomePageTest.java:29)
at TestCases.Guru_HomePageTest.setUp(Guru_HomePageTest.java:29)
at TestCases.Guru_HomePageTest.setUp(Guru_HomePageTest.java:29)
at TestCases.Guru_HomePageTest.setUp(Guru_HomePageTest.java:29)
at TestCases.Guru_HomePageTest.setUp(Guru_HomePageTest.java:29)
at TestCases.Guru_HomePageTest.setUp(Guru_HomePageTest.java:29)
at TestCases.Guru_HomePageTest.setUp(Guru_HomePageTest.java:29)
at TestCases.Guru_HomePageTest.setUp(Guru_HomePageTest.java:29)
at TestCases.Guru_HomePageTest.setUp(Guru_HomePageTest.java:29)
at TestCases.Guru_HomePageTest.setUp(Guru_HomePageTest.java:29)
at TestCases.Guru_HomePageTest.setUp(Guru_HomePageTest.java:29)
at TestCases.Guru_HomePageTest.setUp(Guru_HomePageTest.java:29)
at TestCases.Guru_HomePageTest.setUp(Guru_HomePageTest.java:29)
at TestCases.Guru_HomePageTest.setUp(Guru_HomePageTest.java:29)
at TestCases.Guru_HomePageTest.setUp(Guru_HomePageTest.java:29)
at TestCases.Guru_HomePageTest.setUp(Guru_HomePageTest.java:29)
at TestCases.Guru_HomePageTest.setUp(Guru_HomePageTest.java:29)
at TestCases.Guru_HomePageTest.setUp(Guru_HomePageTest.java:29)
at TestCases.Guru_HomePageTest.setUp(Guru_HomePageTest.java:29)
at TestCases.Guru_HomePageTest.setUp(Guru_HomePageTest.java:29)
at TestCases.Guru_HomePageTest.setUp(Guru_HomePageTest.java:29)
at TestCases.Guru_HomePageTest.setUp(Guru_HomePageTest.java:29)
at TestCases.Guru_HomePageTest.setUp(Guru_HomePageTest.java:29)
at TestCases.Guru_HomePageTest.setUp(Guru_HomePageTest.java:29)
at TestCases.Guru_HomePageTest.setUp(Guru_HomePageTest.java:29)
at TestCases.Guru_HomePageTest.setUp(Guru_HomePageTest.java:29)
at TestCases.Guru_HomePageTest.setUp(Guru_HomePageTest.java:29)
at TestCases.Guru_HomePageTest.setUp(Guru_HomePageTest.java:29)
at TestCases.Guru_HomePageTest.setUp(Guru_HomePageTest.java:29)
at TestCases.Guru_HomePageTest.setUp(Guru_HomePageTest.java:29)
at TestCases.Guru_HomePageTest.setUp(Guru_HomePageTest.java:29)
at TestCases.Guru_HomePageTest.setUp(Guru_HomePageTest.java:29)
at TestCases.Guru_HomePageTest.setUp(Guru_HomePageTest.java:29)
at TestCases.Guru_HomePageTest.setUp(Guru_HomePageTest.java:29)
at TestCases.Guru_HomePageTest.setUp(Guru_HomePageTest.java:29)
at TestCases.Guru_HomePageTest.setUp(Guru_HomePageTest.java:29)
at TestCases.Guru_HomePageTest.setUp(Guru_HomePageTest.java:29)
at TestCases.Guru_HomePageTest.setUp(Guru_HomePageTest.java:29)
at TestCases.Guru_HomePageTest.setUp(Guru_HomePageTest.java:29)
at TestCases.Guru_HomePageTest.setUp(Guru_HomePageTest.java:29)
at TestCases.Guru_HomePageTest.setUp(Guru_HomePageTest.java:29)
at TestCases.Guru_HomePageTest.setUp(Guru_HomePageTest.java:29)
at TestCases.Guru_HomePageTest.setUp(Guru_HomePageTest.java:29)
at TestCases.Guru_HomePageTest.setUp(Guru_HomePageTest.java:29)
at TestCases.Guru_HomePageTest.setUp(Guru_HomePageTest.java:29)
at TestCases.Guru_HomePageTest.setUp(Guru_HomePageTest.java:29)
at TestCases.Guru_HomePageTest.setUp(Guru_HomePageTest.java:29)
at TestCases.Guru_HomePageTest.setUp(Guru_HomePageTest.java:29)
at TestCases.Guru_HomePageTest.setUp(Guru_HomePageTest.java:29)
at TestCases.Guru_HomePageTest.setUp(Guru_HomePageTest.java:29)
at TestCases.Guru_HomePageTest.setUp(Guru_HomePageTest.java:29)
at TestCases.Guru_HomePageTest.setUp(Guru_HomePageTest.java:29)
at TestCases.Guru_HomePageTest.setUp(Guru_HomePageTest.java:29)
at TestCases.Guru_HomePageTest.setUp(Guru_HomePageTest.java:29)
at TestCases.Guru_HomePageTest.setUp(Guru_HomePageTest.java:29)
at TestCases.Guru_HomePageTest.setUp(Guru_HomePageTest.java:29)
at TestCases.Guru_HomePageTest.setUp(Guru_HomePageTest.java:29)
at TestCases.Guru_HomePageTest.setUp(Guru_HomePageTest.java:29)
at TestCases.Guru_HomePageTest.setUp(Guru_HomePageTest.java:29)
at TestCases.Guru_HomePageTest.setUp(Guru_HomePageTest.java:29)
at TestCases.Guru_HomePageTest.setUp(Guru_HomePageTest.java:29)
at TestCases.Guru_HomePageTest.setUp(Guru_HomePageTest.java:29)
at TestCases.Guru_HomePageTest.setUp(Guru_HomePageTest.java:29)
at TestCases.Guru_HomePageTest.setUp(Guru_HomePageTest.java:29)
at TestCases.Guru_HomePageTest.setUp(Guru_HomePageTest.java:29)
at TestCases.Guru_HomePageTest.setUp(Guru_HomePageTest.java:29)
at TestCases.Guru_HomePageTest.setUp(Guru_HomePageTest.java:29)
at TestCases.Guru_HomePageTest.setUp(Guru_HomePageTest.java:29)
at TestCases.Guru_HomePageTest.setUp(Guru_HomePageTest.java:29)
at TestCases.Guru_HomePageTest.setUp(Guru_HomePageTest.java:29)
at TestCases.Guru_HomePageTest.setUp(Guru_HomePageTest.java:29)
at TestCases.Guru_HomePageTest.setUp(Guru_HomePageTest.java:29)
at TestCases.Guru_HomePageTest.setUp(Guru_HomePageTest.java:29)
at TestCases.Guru_HomePageTest.setUp(Guru_HomePageTest.java:29)
at TestCases.Guru_HomePageTest.setUp(Guru_HomePageTest.java:29)
at TestCases.Guru_HomePageTest.setUp(Guru_HomePageTest.java:29)
at TestCases.Guru_HomePageTest.setUp(Guru_HomePageTest.java:29)
at TestCases.Guru_HomePageTest.setUp(Guru_HomePageTest.java:29)
at TestCases.Guru_HomePageTest.setUp(Guru_HomePageTest.java:29)
at TestCases.Guru_HomePageTest.setUp(Guru_HomePageTest.java:29)
at TestCases.Guru_HomePageTest.setUp(Guru_HomePageTest.java:29)
at TestCases.Guru_HomePageTest.setUp(Guru_HomePageTest.java:29)
at TestCases.Guru_HomePageTest.setUp(Guru_HomePageTest.java:29)
at TestCases.Guru_HomePageTest.setUp(Guru_HomePageTest.java:29)
at TestCases.Guru_HomePageTest.setUp(Guru_HomePageTest.java:29)
at TestCases.Guru_HomePageTest.setUp(Guru_HomePageTest.java:29)
at TestCases.Guru_HomePageTest.setUp(Guru_HomePageTest.java:29)
at TestCases.Guru_HomePageTest.setUp(Guru_HomePageTest.java:29)
at TestCases.Guru_HomePageTest.setUp(Guru_HomePageTest.java:29)
at TestCases.Guru_HomePageTest.setUp(Guru_HomePageTest.java:29)
at TestCases.Guru_HomePageTest.setUp(Guru_HomePageTest.java:29)
at TestCases.Guru_HomePageTest.setUp(Guru_HomePageTest.java:29)
at TestCases.Guru_HomePageTest.setUp(Guru_HomePageTest.java:29)
at TestCases.Guru_HomePageTest.setUp(Guru_HomePageTest.java:29)
at TestCases.Guru_HomePageTest.setUp(Guru_HomePageTest.java:29)
at TestCases.Guru_HomePageTest.setUp(Guru_HomePageTest.java:29)
at TestCases.Guru_HomePageTest.setUp(Guru_HomePageTest.java:29)
at TestCases.Guru_HomePageTest.setUp(Guru_HomePageTest.java:29)
at TestCases.Guru_HomePageTest.setUp(Guru_HomePageTest.java:29)
at TestCases.Guru_HomePageTest.setUp(Guru_HomePageTest.java:29)
at TestCases.Guru_HomePageTest.setUp(Guru_HomePageTest.java:29)
at TestCases.Guru_HomePageTest.setUp(Guru_HomePageTest.java:29)
at TestCases.Guru_HomePageTest.setUp(Guru_HomePageTest.java:29)
at TestCases.Guru_HomePageTest.setUp(Guru_HomePageTest.java:29)
at TestCases.Guru_HomePageTest.setUp(Guru_HomePageTest.java:29)
at TestCases.Guru_HomePageTest.setUp(Guru_HomePageTest.java:29)
at TestCases.Guru_HomePageTest.setUp(Guru_HomePageTest.java:29)
at TestCases.Guru_HomePageTest.setUp(Guru_HomePageTest.java:29)
at TestCases.Guru_HomePageTest.setUp(Guru_HomePageTest.java:29)
at TestCases.Guru_HomePageTest.setUp(Guru_HomePageTest.java:29)
at TestCases.Guru_HomePageTest.setUp(Guru_HomePageTest.java:29)
at TestCases.Guru_HomePageTest.setUp(Guru_HomePageTest.java:29)
at TestCases.Guru_HomePageTest.setUp(Guru_HomePageTest.java:29)
at TestCases.Guru_HomePageTest.setUp(Guru_HomePageTest.java:29)
]]>
    </failure>
  </testcase> <!-- @BeforeMethod setUp -->
  <testcase classname="drivers_guru.BaseClass" name="@AfterMethod TearDown" time="-1.666777025215E9">
    <skipped/>
  </testcase> <!-- @AfterMethod TearDown -->
  <testcase classname="TestCases.Guru_LoginTest" name="Test" time="1.572"/>
  <testcase classname="TestCases.Guru_HomePageTest" name="check" time="0.0">
    <skipped/>
  </testcase> <!-- check -->
</testsuite> <!-- LoginTest -->
