<?xml version="1.0" encoding="UTF-8"?>
<!-- Generated by org.testng.reporters.JUnitXMLReporter -->
<testsuite ignored="0" hostname="DESKTOP-IG45S0Q" failures="0" tests="3" name="Test" time="26.963" errors="0" timestamp="2022-10-26T16:28:00 IST">
  <testcase classname="TestCases.Guru_LoginTest" name="Test" time="1.754"/>
  <testcase classname="TestCases.Guru_HomePageTest" name="RegNewUser" time="5.604"/>
  <testcase classname="TestCases.Guru_HomePageTest" name="check" time="0.993"/>
</testsuite> <!-- Test -->
